{"C:\\Lavoro\\esercizi\\frontend-cinematic\\src\\App.tsx": {"path":"C:\\Lavoro\\esercizi\\frontend-cinematic\\src\\App.tsx","statementMap":{"0":{"start":{"line":1,"column":0},"end":{"line":1,"column":42}},"1":{"start":{"line":2,"column":0},"end":{"line":2,"column":19}},"2":{"start":{"line":3,"column":0},"end":{"line":3,"column":46}},"3":{"start":{"line":4,"column":0},"end":{"line":4,"column":42}},"4":{"start":{"line":6,"column":21},"end":{"line":8,"column":2}},"5":{"start":{"line":9,"column":23},"end":{"line":12,"column":2}},"6":{"start":{"line":15,"column":27},"end":{"line":16,"column":null}},"7":{"start":{"line":16,"column":39},"end":{"line":16,"column":54}},"8":{"start":{"line":19,"column":2},"end":{"line":31,"column":4}},"9":{"start":{"line":34,"column":0},"end":{"line":34,"column":19}}},"fnMap":{"0":{"name":"App","decl":{"start":{"line":14,"column":9},"end":{"line":14,"column":12}},"loc":{"start":{"line":14,"column":12},"end":{"line":32,"column":1}}},"1":{"name":"(anonymous_1)","decl":{"start":{"line":16,"column":4},"end":{"line":16,"column":5}},"loc":{"start":{"line":16,"column":39},"end":{"line":16,"column":54}}}},"branchMap":{"0":{"loc":{"start":{"line":21,"column":7},"end":{"line":27,"column":null}},"type":"binary-expr","locations":[{"start":{"line":21,"column":7},"end":{"line":21,"column":23}},{"start":{"line":22,"column":8},"end":{"line":26,"column":null}}]},"1":{"loc":{"start":{"line":24,"column":17},"end":{"line":24,"column":65}},"type":"cond-expr","locations":[{"start":{"line":24,"column":36},"end":{"line":24,"column":48}},{"start":{"line":24,"column":51},"end":{"line":24,"column":65}}]}},"s":{"0":0,"1":0,"2":0,"3":0,"4":0,"5":0,"6":0,"7":0,"8":0,"9":0},"f":{"0":0,"1":0},"b":{"0":[0,0],"1":[0,0]}}
,"C:\\Lavoro\\esercizi\\frontend-cinematic\\src\\main.tsx": {"path":"C:\\Lavoro\\esercizi\\frontend-cinematic\\src\\main.tsx","statementMap":{"0":{"start":{"line":1,"column":0},"end":{"line":1,"column":42}},"1":{"start":{"line":2,"column":0},"end":{"line":2,"column":40}},"2":{"start":{"line":3,"column":0},"end":{"line":3,"column":39}},"3":{"start":{"line":4,"column":0},"end":{"line":4,"column":50}},"4":{"start":{"line":5,"column":0},"end":{"line":5,"column":50}},"5":{"start":{"line":6,"column":0},"end":{"line":6,"column":41}},"6":{"start":{"line":7,"column":0},"end":{"line":7,"column":62}},"7":{"start":{"line":9,"column":13},"end":{"line":10,"column":null}},"8":{"start":{"line":12,"column":0},"end":{"line":18,"column":2}}},"fnMap":{},"branchMap":{},"s":{"0":0,"1":0,"2":0,"3":0,"4":0,"5":0,"6":0,"7":0,"8":0},"f":{},"b":{}}
,"C:\\Lavoro\\esercizi\\frontend-cinematic\\src\\vite-env.d.ts": {"path":"C:\\Lavoro\\esercizi\\frontend-cinematic\\src\\vite-env.d.ts","statementMap":{},"fnMap":{},"branchMap":{},"s":{},"f":{},"b":{}}
,"C:\\Lavoro\\esercizi\\frontend-cinematic\\src\\Layouts\\MainLayout.tsx\\MainLayout.tsx": {"path":"C:\\Lavoro\\esercizi\\frontend-cinematic\\src\\Layouts\\MainLayout.tsx\\MainLayout.tsx","statementMap":{"0":{"start":{"line":2,"column":0},"end":{"line":2,"column":45}},"1":{"start":{"line":4,"column":19},"end":{"line":11,"column":1}},"2":{"start":{"line":5,"column":2},"end":{"line":10,"column":4}},"3":{"start":{"line":13,"column":0},"end":{"line":13,"column":26}}},"fnMap":{"0":{"name":"(anonymous_1)","decl":{"start":{"line":4,"column":19},"end":{"line":4,"column":20}},"loc":{"start":{"line":4,"column":61},"end":{"line":11,"column":1}}}},"branchMap":{},"s":{"0":0,"1":0,"2":0,"3":0},"f":{"0":0},"b":{}}
,"C:\\Lavoro\\esercizi\\frontend-cinematic\\src\\Layouts\\PrivateMainLayout\\PrivateMainLayout.tsx": {"path":"C:\\Lavoro\\esercizi\\frontend-cinematic\\src\\Layouts\\PrivateMainLayout\\PrivateMainLayout.tsx","statementMap":{"0":{"start":{"line":2,"column":0},"end":{"line":2,"column":69}},"1":{"start":{"line":4,"column":26},"end":{"line":15,"column":1}},"2":{"start":{"line":5,"column":2},"end":{"line":14,"column":4}},"3":{"start":{"line":17,"column":0},"end":{"line":17,"column":33}}},"fnMap":{"0":{"name":"(anonymous_1)","decl":{"start":{"line":4,"column":26},"end":{"line":4,"column":27}},"loc":{"start":{"line":4,"column":68},"end":{"line":15,"column":1}}}},"branchMap":{},"s":{"0":0,"1":0,"2":0,"3":0},"f":{"0":0},"b":{}}
,"C:\\Lavoro\\esercizi\\frontend-cinematic\\src\\components\\FilmForm\\FilmForm.tsx": {"path":"C:\\Lavoro\\esercizi\\frontend-cinematic\\src\\components\\FilmForm\\FilmForm.tsx","statementMap":{"0":{"start":{"line":1,"column":0},"end":{"line":1,"column":57}},"1":{"start":{"line":2,"column":0},"end":{"line":2,"column":54}},"2":{"start":{"line":3,"column":0},"end":{"line":3,"column":null}},"3":{"start":{"line":7,"column":0},"end":{"line":7,"column":35}},"4":{"start":{"line":8,"column":0},"end":{"line":8,"column":41}},"5":{"start":{"line":10,"column":0},"end":{"line":10,"column":51}},"6":{"start":{"line":11,"column":0},"end":{"line":11,"column":62}},"7":{"start":{"line":12,"column":0},"end":{"line":12,"column":28}},"8":{"start":{"line":13,"column":0},"end":{"line":13,"column":48}},"9":{"start":{"line":20,"column":17},"end":{"line":107,"column":1}},"10":{"start":{"line":32,"column":6},"end":{"line":32,"column":24}},"11":{"start":{"line":34,"column":23},"end":{"line":34,"column":47}},"12":{"start":{"line":35,"column":23},"end":{"line":35,"column":50}},"13":{"start":{"line":41,"column":6},"end":{"line":54,"column":4}},"14":{"start":{"line":56,"column":46},"end":{"line":70,"column":3}},"15":{"start":{"line":57,"column":4},"end":{"line":64,"column":5}},"16":{"start":{"line":58,"column":6},"end":{"line":61,"column":38}},"17":{"start":{"line":60,"column":27},"end":{"line":60,"column":47}},"18":{"start":{"line":61,"column":22},"end":{"line":61,"column":36}},"19":{"start":{"line":62,"column":6},"end":{"line":62,"column":33}},"20":{"start":{"line":63,"column":6},"end":{"line":63,"column":13}},"21":{"start":{"line":65,"column":4},"end":{"line":68,"column":36}},"22":{"start":{"line":67,"column":25},"end":{"line":67,"column":45}},"23":{"start":{"line":68,"column":20},"end":{"line":68,"column":34}},"24":{"start":{"line":69,"column":4},"end":{"line":69,"column":31}},"25":{"start":{"line":72,"column":2},"end":{"line":106,"column":4}},"26":{"start":{"line":79,"column":10},"end":{"line":80,"column":null}},"27":{"start":{"line":109,"column":0},"end":{"line":109,"column":24}}},"fnMap":{"0":{"name":"(anonymous_7)","decl":{"start":{"line":20,"column":17},"end":{"line":20,"column":18}},"loc":{"start":{"line":23,"column":21},"end":{"line":107,"column":1}}},"1":{"name":"(anonymous_8)","decl":{"start":{"line":56,"column":46},"end":{"line":56,"column":51}},"loc":{"start":{"line":56,"column":61},"end":{"line":70,"column":3}}},"2":{"name":"(anonymous_9)","decl":{"start":{"line":60,"column":14},"end":{"line":60,"column":15}},"loc":{"start":{"line":60,"column":27},"end":{"line":60,"column":47}}},"3":{"name":"(anonymous_10)","decl":{"start":{"line":61,"column":15},"end":{"line":61,"column":16}},"loc":{"start":{"line":61,"column":22},"end":{"line":61,"column":36}}},"4":{"name":"(anonymous_11)","decl":{"start":{"line":67,"column":12},"end":{"line":67,"column":13}},"loc":{"start":{"line":67,"column":25},"end":{"line":67,"column":45}}},"5":{"name":"(anonymous_12)","decl":{"start":{"line":68,"column":13},"end":{"line":68,"column":14}},"loc":{"start":{"line":68,"column":20},"end":{"line":68,"column":34}}},"6":{"name":"(anonymous_13)","decl":{"start":{"line":78,"column":28},"end":{"line":78,"column":29}},"loc":{"start":{"line":79,"column":10},"end":{"line":80,"column":null}}}},"branchMap":{"0":{"loc":{"start":{"line":32,"column":6},"end":{"line":32,"column":24}},"type":"binary-expr","locations":[{"start":{"line":32,"column":6},"end":{"line":32,"column":18}},{"start":{"line":32,"column":22},"end":{"line":32,"column":24}}]},"1":{"loc":{"start":{"line":57,"column":4},"end":{"line":64,"column":5}},"type":"if","locations":[{"start":{"line":57,"column":4},"end":{"line":64,"column":5}}]},"2":{"loc":{"start":{"line":76,"column":16},"end":{"line":76,"column":51}},"type":"cond-expr","locations":[{"start":{"line":76,"column":31},"end":{"line":76,"column":39}},{"start":{"line":76,"column":42},"end":{"line":76,"column":51}}]},"3":{"loc":{"start":{"line":81,"column":18},"end":{"line":81,"column":41}},"type":"binary-expr","locations":[{"start":{"line":81,"column":18},"end":{"line":81,"column":28}},{"start":{"line":81,"column":32},"end":{"line":81,"column":41}}]},"4":{"loc":{"start":{"line":94,"column":19},"end":{"line":94,"column":51}},"type":"cond-expr","locations":[{"start":{"line":94,"column":34},"end":{"line":94,"column":40}},{"start":{"line":94,"column":43},"end":{"line":94,"column":51}}]}},"s":{"0":0,"1":0,"2":0,"3":0,"4":0,"5":0,"6":0,"7":0,"8":0,"9":0,"10":0,"11":0,"12":0,"13":0,"14":0,"15":0,"16":0,"17":0,"18":0,"19":0,"20":0,"21":0,"22":0,"23":0,"24":0,"25":0,"26":0,"27":0},"f":{"0":0,"1":0,"2":0,"3":0,"4":0,"5":0,"6":0},"b":{"0":[0,0],"1":[0],"2":[0,0],"3":[0,0],"4":[0,0]}}
,"C:\\Lavoro\\esercizi\\frontend-cinematic\\src\\components\\FilmForm\\schema.ts": {"path":"C:\\Lavoro\\esercizi\\frontend-cinematic\\src\\components\\FilmForm\\schema.ts","statementMap":{"0":{"start":{"line":1,"column":0},"end":{"line":1,"column":24}},"1":{"start":{"line":4,"column":13},"end":{"line":18,"column":3}},"2":{"start":{"line":22,"column":13},"end":{"line":72,"column":2}}},"fnMap":{},"branchMap":{},"s":{"0":0,"1":0,"2":0},"f":{},"b":{}}
,"C:\\Lavoro\\esercizi\\frontend-cinematic\\src\\components\\FilmsCarousel\\FilmsCarousel.tsx": {"path":"C:\\Lavoro\\esercizi\\frontend-cinematic\\src\\components\\FilmsCarousel\\FilmsCarousel.tsx","statementMap":{"0":{"start":{"line":1,"column":0},"end":{"line":1,"column":67}},"1":{"start":{"line":3,"column":22},"end":{"line":25,"column":1}},"2":{"start":{"line":9,"column":6},"end":{"line":9,"column":32}},"3":{"start":{"line":10,"column":2},"end":{"line":24,"column":6}},"4":{"start":{"line":11,"column":4},"end":{"line":11,"column":54}},"5":{"start":{"line":12,"column":9},"end":{"line":24,"column":6}},"6":{"start":{"line":13,"column":4},"end":{"line":13,"column":44}},"7":{"start":{"line":15,"column":4},"end":{"line":24,"column":6}},"8":{"start":{"line":19,"column":10},"end":{"line":19,"column":null}},"9":{"start":{"line":26,"column":0},"end":{"line":26,"column":29}}},"fnMap":{"0":{"name":"(anonymous_0)","decl":{"start":{"line":3,"column":22},"end":{"line":3,"column":25}},"loc":{"start":{"line":3,"column":27},"end":{"line":25,"column":1}}},"1":{"name":"(anonymous_1)","decl":{"start":{"line":18,"column":20},"end":{"line":18,"column":21}},"loc":{"start":{"line":19,"column":10},"end":{"line":19,"column":null}}}},"branchMap":{"0":{"loc":{"start":{"line":10,"column":2},"end":{"line":24,"column":6}},"type":"if","locations":[{"start":{"line":10,"column":2},"end":{"line":24,"column":6}},{"start":{"line":12,"column":9},"end":{"line":24,"column":6}}]},"1":{"loc":{"start":{"line":12,"column":9},"end":{"line":24,"column":6}},"type":"if","locations":[{"start":{"line":12,"column":9},"end":{"line":24,"column":6}},{"start":{"line":15,"column":4},"end":{"line":24,"column":6}}]},"2":{"loc":{"start":{"line":12,"column":13},"end":{"line":12,"column":36}},"type":"binary-expr","locations":[{"start":{"line":12,"column":13},"end":{"line":12,"column":22}},{"start":{"line":12,"column":26},"end":{"line":12,"column":36}}]}},"s":{"0":0,"1":0,"2":0,"3":0,"4":0,"5":0,"6":0,"7":0,"8":0,"9":0},"f":{"0":0,"1":0},"b":{"0":[0,0],"1":[0,0],"2":[0,0]}}
,"C:\\Lavoro\\esercizi\\frontend-cinematic\\src\\components\\FormInputs\\FormInput.tsx": {"path":"C:\\Lavoro\\esercizi\\frontend-cinematic\\src\\components\\FormInputs\\FormInput.tsx","statementMap":{"0":{"start":{"line":1,"column":0},"end":{"line":1,"column":26}},"1":{"start":{"line":2,"column":0},"end":{"line":2,"column":78}},"2":{"start":{"line":4,"column":0},"end":{"line":4,"column":23}},"3":{"start":{"line":6,"column":23},"end":{"line":8,"column":2}},"4":{"start":{"line":23,"column":18},"end":{"line":51,"column":null}},"5":{"start":{"line":34,"column":4},"end":{"line":50,"column":6}},"6":{"start":{"line":53,"column":0},"end":{"line":53,"column":25}}},"fnMap":{"0":{"name":"(anonymous_1)","decl":{"start":{"line":24,"column":2},"end":{"line":24,"column":3}},"loc":{"start":{"line":33,"column":23},"end":{"line":51,"column":3}}}},"branchMap":{"0":{"loc":{"start":{"line":48,"column":9},"end":{"line":48,"column":69}},"type":"binary-expr","locations":[{"start":{"line":48,"column":9},"end":{"line":48,"column":14}},{"start":{"line":48,"column":18},"end":{"line":48,"column":69}}]}},"s":{"0":0,"1":0,"2":0,"3":0,"4":0,"5":0,"6":0},"f":{"0":0},"b":{"0":[0,0]}}
,"C:\\Lavoro\\esercizi\\frontend-cinematic\\src\\components\\Header\\Header.tsx": {"path":"C:\\Lavoro\\esercizi\\frontend-cinematic\\src\\components\\Header\\Header.tsx","statementMap":{"0":{"start":{"line":1,"column":0},"end":{"line":1,"column":50}},"1":{"start":{"line":2,"column":0},"end":{"line":2,"column":48}},"2":{"start":{"line":3,"column":0},"end":{"line":3,"column":22}},"3":{"start":{"line":4,"column":0},"end":{"line":4,"column":40}},"4":{"start":{"line":5,"column":0},"end":{"line":5,"column":50}},"5":{"start":{"line":6,"column":0},"end":{"line":6,"column":42}},"6":{"start":{"line":7,"column":0},"end":{"line":7,"column":67}},"7":{"start":{"line":8,"column":0},"end":{"line":8,"column":41}},"8":{"start":{"line":10,"column":15},"end":{"line":51,"column":1}},"9":{"start":{"line":11,"column":19},"end":{"line":11,"column":32}},"10":{"start":{"line":12,"column":2},"end":{"line":50,"column":4}},"11":{"start":{"line":36,"column":29},"end":{"line":36,"column":56}},"12":{"start":{"line":53,"column":0},"end":{"line":53,"column":22}}},"fnMap":{"0":{"name":"(anonymous_1)","decl":{"start":{"line":10,"column":15},"end":{"line":10,"column":18}},"loc":{"start":{"line":10,"column":20},"end":{"line":51,"column":1}}},"1":{"name":"(anonymous_2)","decl":{"start":{"line":36,"column":23},"end":{"line":36,"column":26}},"loc":{"start":{"line":36,"column":29},"end":{"line":36,"column":56}}}},"branchMap":{},"s":{"0":1,"1":1,"2":1,"3":1,"4":1,"5":1,"6":1,"7":1,"8":1,"9":5,"10":0,"11":0,"12":1},"f":{"0":5,"1":0},"b":{}}
,"C:\\Lavoro\\esercizi\\frontend-cinematic\\src\\components\\LoginForm\\LoginForm.tsx": {"path":"C:\\Lavoro\\esercizi\\frontend-cinematic\\src\\components\\LoginForm\\LoginForm.tsx","statementMap":{"0":{"start":{"line":1,"column":0},"end":{"line":1,"column":57}},"1":{"start":{"line":2,"column":0},"end":{"line":2,"column":54}},"2":{"start":{"line":3,"column":0},"end":{"line":3,"column":63}},"3":{"start":{"line":4,"column":0},"end":{"line":4,"column":48}},"4":{"start":{"line":5,"column":0},"end":{"line":5,"column":23}},"5":{"start":{"line":6,"column":0},"end":{"line":6,"column":65}},"6":{"start":{"line":7,"column":0},"end":{"line":7,"column":47}},"7":{"start":{"line":8,"column":0},"end":{"line":8,"column":42}},"8":{"start":{"line":9,"column":0},"end":{"line":9,"column":67}},"9":{"start":{"line":10,"column":0},"end":{"line":10,"column":46}},"10":{"start":{"line":11,"column":0},"end":{"line":11,"column":68}},"11":{"start":{"line":13,"column":18},"end":{"line":71,"column":1}},"12":{"start":{"line":14,"column":38},"end":{"line":14,"column":62}},"13":{"start":{"line":15,"column":18},"end":{"line":15,"column":36}},"14":{"start":{"line":16,"column":19},"end":{"line":16,"column":32}},"15":{"start":{"line":17,"column":19},"end":{"line":17,"column":32}},"16":{"start":{"line":22,"column":6},"end":{"line":26,"column":4}},"17":{"start":{"line":28,"column":46},"end":{"line":41,"column":8}},"18":{"start":{"line":29,"column":4},"end":{"line":40,"column":9}},"19":{"start":{"line":32,"column":8},"end":{"line":32,"column":29}},"20":{"start":{"line":33,"column":8},"end":{"line":33,"column":50}},"21":{"start":{"line":34,"column":8},"end":{"line":34,"column":29}},"22":{"start":{"line":35,"column":8},"end":{"line":35,"column":36}},"23":{"start":{"line":38,"column":8},"end":{"line":38,"column":23}},"24":{"start":{"line":39,"column":8},"end":{"line":39,"column":25}},"25":{"start":{"line":43,"column":2},"end":{"line":70,"column":4}},"26":{"start":{"line":47,"column":10},"end":{"line":48,"column":null}},"27":{"start":{"line":73,"column":0},"end":{"line":73,"column":25}}},"fnMap":{"0":{"name":"(anonymous_1)","decl":{"start":{"line":13,"column":18},"end":{"line":13,"column":21}},"loc":{"start":{"line":13,"column":23},"end":{"line":71,"column":1}}},"1":{"name":"(anonymous_2)","decl":{"start":{"line":28,"column":58},"end":{"line":28,"column":63}},"loc":{"start":{"line":28,"column":73},"end":{"line":41,"column":3}}},"2":{"name":"(anonymous_3)","decl":{"start":{"line":31,"column":12},"end":{"line":31,"column":13}},"loc":{"start":{"line":31,"column":24},"end":{"line":36,"column":7}}},"3":{"name":"(anonymous_4)","decl":{"start":{"line":37,"column":13},"end":{"line":37,"column":14}},"loc":{"start":{"line":37,"column":19},"end":{"line":40,"column":7}}},"4":{"name":"(anonymous_5)","decl":{"start":{"line":46,"column":29},"end":{"line":46,"column":30}},"loc":{"start":{"line":47,"column":10},"end":{"line":48,"column":null}}}},"branchMap":{"0":{"loc":{"start":{"line":58,"column":9},"end":{"line":65,"column":null}},"type":"binary-expr","locations":[{"start":{"line":58,"column":9},"end":{"line":58,"column":19}},{"start":{"line":59,"column":10},"end":{"line":64,"column":null}}]},"1":{"loc":{"start":{"line":60,"column":13},"end":{"line":63,"column":null}},"type":"cond-expr","locations":[{"start":{"line":61,"column":14},"end":{"line":61,"column":66}},{"start":{"line":63,"column":14},"end":{"line":63,"column":63}}]}},"s":{"0":0,"1":0,"2":0,"3":0,"4":0,"5":0,"6":0,"7":0,"8":0,"9":0,"10":0,"11":0,"12":0,"13":0,"14":0,"15":0,"16":0,"17":0,"18":0,"19":0,"20":0,"21":0,"22":0,"23":0,"24":0,"25":0,"26":0,"27":0},"f":{"0":0,"1":0,"2":0,"3":0,"4":0},"b":{"0":[0,0],"1":[0,0]}}
,"C:\\Lavoro\\esercizi\\frontend-cinematic\\src\\components\\LoginForm\\schema.ts": {"path":"C:\\Lavoro\\esercizi\\frontend-cinematic\\src\\components\\LoginForm\\schema.ts","statementMap":{"0":{"start":{"line":1,"column":0},"end":{"line":1,"column":24}},"1":{"start":{"line":4,"column":13},"end":{"line":7,"column":3}},"2":{"start":{"line":11,"column":13},"end":{"line":28,"column":2}}},"fnMap":{},"branchMap":{},"s":{"0":0,"1":0,"2":0},"f":{},"b":{}}
,"C:\\Lavoro\\esercizi\\frontend-cinematic\\src\\components\\LoginFormModal\\LoginFormModal.tsx": {"path":"C:\\Lavoro\\esercizi\\frontend-cinematic\\src\\components\\LoginFormModal\\LoginFormModal.tsx","statementMap":{"0":{"start":{"line":1,"column":0},"end":{"line":1,"column":41}},"1":{"start":{"line":2,"column":0},"end":{"line":2,"column":47}},"2":{"start":{"line":3,"column":0},"end":{"line":3,"column":45}},"3":{"start":{"line":4,"column":0},"end":{"line":4,"column":30}},"4":{"start":{"line":5,"column":0},"end":{"line":5,"column":46}},"5":{"start":{"line":6,"column":0},"end":{"line":6,"column":39}},"6":{"start":{"line":7,"column":0},"end":{"line":7,"column":42}},"7":{"start":{"line":8,"column":0},"end":{"line":8,"column":67}},"8":{"start":{"line":10,"column":23},"end":{"line":56,"column":1}},"9":{"start":{"line":11,"column":19},"end":{"line":11,"column":32}},"10":{"start":{"line":12,"column":40},"end":{"line":12,"column":54}},"11":{"start":{"line":14,"column":27},"end":{"line":16,"column":8}},"12":{"start":{"line":15,"column":4},"end":{"line":15,"column":36}},"13":{"start":{"line":15,"column":29},"end":{"line":15,"column":34}},"14":{"start":{"line":18,"column":2},"end":{"line":55,"column":4}},"15":{"start":{"line":24,"column":33},"end":{"line":24,"column":60}},"16":{"start":{"line":58,"column":0},"end":{"line":58,"column":30}}},"fnMap":{"0":{"name":"(anonymous_1)","decl":{"start":{"line":10,"column":23},"end":{"line":10,"column":26}},"loc":{"start":{"line":10,"column":28},"end":{"line":56,"column":1}}},"1":{"name":"(anonymous_2)","decl":{"start":{"line":14,"column":39},"end":{"line":14,"column":42}},"loc":{"start":{"line":14,"column":44},"end":{"line":16,"column":3}}},"2":{"name":"(anonymous_3)","decl":{"start":{"line":15,"column":19},"end":{"line":15,"column":20}},"loc":{"start":{"line":15,"column":29},"end":{"line":15,"column":34}}},"3":{"name":"(anonymous_4)","decl":{"start":{"line":24,"column":27},"end":{"line":24,"column":30}},"loc":{"start":{"line":24,"column":33},"end":{"line":24,"column":60}}}},"branchMap":{"0":{"loc":{"start":{"line":30,"column":12},"end":{"line":30,"column":null}},"type":"cond-expr","locations":[{"start":{"line":30,"column":26},"end":{"line":30,"column":41}},{"start":{"line":30,"column":44},"end":{"line":30,"column":null}}]},"1":{"loc":{"start":{"line":37,"column":21},"end":{"line":37,"column":51}},"type":"cond-expr","locations":[{"start":{"line":37,"column":35},"end":{"line":37,"column":39}},{"start":{"line":37,"column":42},"end":{"line":37,"column":51}}]},"2":{"loc":{"start":{"line":42,"column":12},"end":{"line":42,"column":null}},"type":"cond-expr","locations":[{"start":{"line":42,"column":26},"end":{"line":42,"column":43}},{"start":{"line":42,"column":46},"end":{"line":42,"column":null}}]},"3":{"loc":{"start":{"line":49,"column":21},"end":{"line":49,"column":52}},"type":"cond-expr","locations":[{"start":{"line":49,"column":36},"end":{"line":49,"column":40}},{"start":{"line":49,"column":43},"end":{"line":49,"column":52}}]},"4":{"loc":{"start":{"line":53,"column":7},"end":{"line":53,"column":51}},"type":"cond-expr","locations":[{"start":{"line":53,"column":21},"end":{"line":53,"column":34}},{"start":{"line":53,"column":37},"end":{"line":53,"column":51}}]}},"s":{"0":0,"1":0,"2":0,"3":0,"4":0,"5":0,"6":0,"7":0,"8":0,"9":0,"10":0,"11":0,"12":0,"13":0,"14":0,"15":0,"16":0},"f":{"0":0,"1":0,"2":0,"3":0},"b":{"0":[0,0],"1":[0,0],"2":[0,0],"3":[0,0],"4":[0,0]}}
,"C:\\Lavoro\\esercizi\\frontend-cinematic\\src\\components\\PrimaryButton\\PrimaryButton.tsx": {"path":"C:\\Lavoro\\esercizi\\frontend-cinematic\\src\\components\\PrimaryButton\\PrimaryButton.tsx","statementMap":{"0":{"start":{"line":1,"column":0},"end":{"line":1,"column":26}},"1":{"start":{"line":3,"column":0},"end":{"line":3,"column":78}},"2":{"start":{"line":5,"column":18},"end":{"line":14,"column":2}},"3":{"start":{"line":27,"column":22},"end":{"line":46,"column":1}},"4":{"start":{"line":35,"column":2},"end":{"line":45,"column":4}},"5":{"start":{"line":48,"column":0},"end":{"line":48,"column":29}}},"fnMap":{"0":{"name":"(anonymous_1)","decl":{"start":{"line":27,"column":22},"end":{"line":27,"column":23}},"loc":{"start":{"line":34,"column":16},"end":{"line":46,"column":1}}}},"branchMap":{"0":{"loc":{"start":{"line":32,"column":2},"end":{"line":32,"column":17}},"type":"default-arg","locations":[{"start":{"line":32,"column":9},"end":{"line":32,"column":17}}]},"1":{"loc":{"start":{"line":33,"column":2},"end":{"line":33,"column":17}},"type":"default-arg","locations":[{"start":{"line":33,"column":12},"end":{"line":33,"column":17}}]},"2":{"loc":{"start":{"line":42,"column":7},"end":{"line":42,"column":40}},"type":"binary-expr","locations":[{"start":{"line":42,"column":7},"end":{"line":42,"column":11}},{"start":{"line":42,"column":15},"end":{"line":42,"column":40}}]},"3":{"loc":{"start":{"line":43,"column":7},"end":{"line":43,"column":20}},"type":"binary-expr","locations":[{"start":{"line":43,"column":7},"end":{"line":43,"column":14}},{"start":{"line":43,"column":18},"end":{"line":43,"column":20}}]}},"s":{"0":1,"1":1,"2":1,"3":1,"4":2,"5":1},"f":{"0":2},"b":{"0":[2],"1":[0],"2":[2,0],"3":[2,0]}}
,"C:\\Lavoro\\esercizi\\frontend-cinematic\\src\\components\\PrimaryLink\\PrimaryLink.tsx": {"path":"C:\\Lavoro\\esercizi\\frontend-cinematic\\src\\components\\PrimaryLink\\PrimaryLink.tsx","statementMap":{"0":{"start":{"line":1,"column":0},"end":{"line":1,"column":40}},"1":{"start":{"line":3,"column":0},"end":{"line":3,"column":78}},"2":{"start":{"line":4,"column":0},"end":{"line":4,"column":27}},"3":{"start":{"line":6,"column":19},"end":{"line":11,"column":2}},"4":{"start":{"line":21,"column":20},"end":{"line":29,"column":1}},"5":{"start":{"line":22,"column":2},"end":{"line":28,"column":4}},"6":{"start":{"line":31,"column":0},"end":{"line":31,"column":27}}},"fnMap":{"0":{"name":"(anonymous_0)","decl":{"start":{"line":21,"column":20},"end":{"line":21,"column":21}},"loc":{"start":{"line":21,"column":61},"end":{"line":29,"column":1}}}},"branchMap":{},"s":{"0":2,"1":2,"2":2,"3":2,"4":2,"5":1,"6":2},"f":{"0":1},"b":{}}
,"C:\\Lavoro\\esercizi\\frontend-cinematic\\src\\components\\PrivateFilmCard\\PrivateFilmCard.tsx": {"path":"C:\\Lavoro\\esercizi\\frontend-cinematic\\src\\components\\PrivateFilmCard\\PrivateFilmCard.tsx","statementMap":{"0":{"start":{"line":1,"column":0},"end":{"line":1,"column":43}},"1":{"start":{"line":2,"column":0},"end":{"line":2,"column":35}},"2":{"start":{"line":4,"column":0},"end":{"line":4,"column":41}},"3":{"start":{"line":5,"column":0},"end":{"line":5,"column":68}},"4":{"start":{"line":12,"column":24},"end":{"line":58,"column":1}},"5":{"start":{"line":16,"column":23},"end":{"line":16,"column":50}},"6":{"start":{"line":25,"column":6},"end":{"line":25,"column":10}},"7":{"start":{"line":26,"column":2},"end":{"line":57,"column":4}},"8":{"start":{"line":42,"column":37},"end":{"line":42,"column":67}},"9":{"start":{"line":48,"column":37},"end":{"line":48,"column":55}},"10":{"start":{"line":60,"column":0},"end":{"line":60,"column":31}}},"fnMap":{"0":{"name":"(anonymous_0)","decl":{"start":{"line":12,"column":24},"end":{"line":12,"column":25}},"loc":{"start":{"line":15,"column":27},"end":{"line":58,"column":1}}},"1":{"name":"(anonymous_1)","decl":{"start":{"line":42,"column":31},"end":{"line":42,"column":34}},"loc":{"start":{"line":42,"column":37},"end":{"line":42,"column":67}}},"2":{"name":"(anonymous_2)","decl":{"start":{"line":48,"column":31},"end":{"line":48,"column":34}},"loc":{"start":{"line":48,"column":37},"end":{"line":48,"column":55}}}},"branchMap":{},"s":{"0":0,"1":0,"2":0,"3":0,"4":0,"5":0,"6":0,"7":0,"8":0,"9":0,"10":0},"f":{"0":0,"1":0,"2":0},"b":{}}
,"C:\\Lavoro\\esercizi\\frontend-cinematic\\src\\components\\PublicFilmCard\\PublicFilmCard.tsx": {"path":"C:\\Lavoro\\esercizi\\frontend-cinematic\\src\\components\\PublicFilmCard\\PublicFilmCard.tsx","statementMap":{"0":{"start":{"line":2,"column":0},"end":{"line":2,"column":30}},"1":{"start":{"line":8,"column":23},"end":{"line":25,"column":1}},"2":{"start":{"line":9,"column":2},"end":{"line":24,"column":4}},"3":{"start":{"line":27,"column":0},"end":{"line":27,"column":30}}},"fnMap":{"0":{"name":"(anonymous_0)","decl":{"start":{"line":8,"column":23},"end":{"line":8,"column":24}},"loc":{"start":{"line":8,"column":57},"end":{"line":25,"column":1}}}},"branchMap":{},"s":{"0":0,"1":0,"2":0,"3":0},"f":{"0":0},"b":{}}
,"C:\\Lavoro\\esercizi\\frontend-cinematic\\src\\components\\PublicFilmCards\\PublicFilmCards.tsx": {"path":"C:\\Lavoro\\esercizi\\frontend-cinematic\\src\\components\\PublicFilmCards\\PublicFilmCards.tsx","statementMap":{"0":{"start":{"line":1,"column":0},"end":{"line":1,"column":67}},"1":{"start":{"line":2,"column":0},"end":{"line":2,"column":47}},"2":{"start":{"line":4,"column":24},"end":{"line":25,"column":1}},"3":{"start":{"line":10,"column":6},"end":{"line":10,"column":32}},"4":{"start":{"line":11,"column":2},"end":{"line":24,"column":6}},"5":{"start":{"line":12,"column":4},"end":{"line":12,"column":53}},"6":{"start":{"line":13,"column":9},"end":{"line":24,"column":6}},"7":{"start":{"line":14,"column":4},"end":{"line":14,"column":44}},"8":{"start":{"line":16,"column":4},"end":{"line":24,"column":6}},"9":{"start":{"line":19,"column":10},"end":{"line":19,"column":33}},"10":{"start":{"line":27,"column":0},"end":{"line":27,"column":31}}},"fnMap":{"0":{"name":"(anonymous_1)","decl":{"start":{"line":4,"column":24},"end":{"line":4,"column":27}},"loc":{"start":{"line":4,"column":29},"end":{"line":25,"column":1}}},"1":{"name":"(anonymous_2)","decl":{"start":{"line":18,"column":20},"end":{"line":18,"column":21}},"loc":{"start":{"line":19,"column":10},"end":{"line":19,"column":33}}}},"branchMap":{"0":{"loc":{"start":{"line":11,"column":2},"end":{"line":24,"column":6}},"type":"if","locations":[{"start":{"line":11,"column":2},"end":{"line":24,"column":6}},{"start":{"line":13,"column":9},"end":{"line":24,"column":6}}]},"1":{"loc":{"start":{"line":13,"column":9},"end":{"line":24,"column":6}},"type":"if","locations":[{"start":{"line":13,"column":9},"end":{"line":24,"column":6}},{"start":{"line":16,"column":4},"end":{"line":24,"column":6}}]},"2":{"loc":{"start":{"line":13,"column":13},"end":{"line":13,"column":36}},"type":"binary-expr","locations":[{"start":{"line":13,"column":13},"end":{"line":13,"column":22}},{"start":{"line":13,"column":26},"end":{"line":13,"column":36}}]}},"s":{"0":0,"1":0,"2":0,"3":0,"4":0,"5":0,"6":0,"7":0,"8":0,"9":0,"10":0},"f":{"0":0,"1":0},"b":{"0":[0,0],"1":[0,0],"2":[0,0]}}
,"C:\\Lavoro\\esercizi\\frontend-cinematic\\src\\components\\SidePrivateNavMenu\\SidePrivateNavMenu.tsx": {"path":"C:\\Lavoro\\esercizi\\frontend-cinematic\\src\\components\\SidePrivateNavMenu\\SidePrivateNavMenu.tsx","statementMap":{"0":{"start":{"line":1,"column":0},"end":{"line":1,"column":50}},"1":{"start":{"line":2,"column":0},"end":{"line":2,"column":41}},"2":{"start":{"line":4,"column":27},"end":{"line":19,"column":1}},"3":{"start":{"line":5,"column":2},"end":{"line":18,"column":4}},"4":{"start":{"line":8,"column":27},"end":{"line":8,"column":52}},"5":{"start":{"line":10,"column":10},"end":{"line":11,"column":null}},"6":{"start":{"line":21,"column":0},"end":{"line":21,"column":34}}},"fnMap":{"0":{"name":"(anonymous_1)","decl":{"start":{"line":4,"column":27},"end":{"line":4,"column":30}},"loc":{"start":{"line":4,"column":32},"end":{"line":19,"column":1}}},"1":{"name":"(anonymous_2)","decl":{"start":{"line":8,"column":16},"end":{"line":8,"column":17}},"loc":{"start":{"line":8,"column":27},"end":{"line":8,"column":52}}},"2":{"name":"(anonymous_3)","decl":{"start":{"line":9,"column":13},"end":{"line":9,"column":14}},"loc":{"start":{"line":10,"column":10},"end":{"line":11,"column":null}}}},"branchMap":{},"s":{"0":0,"1":0,"2":0,"3":0,"4":0,"5":0,"6":0},"f":{"0":0,"1":0,"2":0},"b":{}}
,"C:\\Lavoro\\esercizi\\frontend-cinematic\\src\\components\\SignInForm\\schema.ts": {"path":"C:\\Lavoro\\esercizi\\frontend-cinematic\\src\\components\\SignInForm\\schema.ts","statementMap":{"0":{"start":{"line":1,"column":0},"end":{"line":1,"column":24}},"1":{"start":{"line":4,"column":13},"end":{"line":21,"column":5}},"2":{"start":{"line":14,"column":4},"end":{"line":20,"column":5}},"3":{"start":{"line":15,"column":6},"end":{"line":19,"column":9}},"4":{"start":{"line":25,"column":13},"end":{"line":58,"column":2}}},"fnMap":{"0":{"name":"(anonymous_0)","decl":{"start":{"line":13,"column":15},"end":{"line":13,"column":16}},"loc":{"start":{"line":13,"column":54},"end":{"line":21,"column":3}}}},"branchMap":{"0":{"loc":{"start":{"line":14,"column":4},"end":{"line":20,"column":5}},"type":"if","locations":[{"start":{"line":14,"column":4},"end":{"line":20,"column":5}}]}},"s":{"0":0,"1":0,"2":0,"3":0,"4":0},"f":{"0":0},"b":{"0":[0]}}
,"C:\\Lavoro\\esercizi\\frontend-cinematic\\src\\enums\\HttpMethodsEnum.ts": {"path":"C:\\Lavoro\\esercizi\\frontend-cinematic\\src\\enums\\HttpMethodsEnum.ts","statementMap":{"0":{"start":{"line":1,"column":0},"end":{"line":1,"column":null}},"1":{"start":{"line":2,"column":2},"end":{"line":2,"column":null}},"2":{"start":{"line":3,"column":2},"end":{"line":3,"column":null}},"3":{"start":{"line":4,"column":2},"end":{"line":4,"column":null}},"4":{"start":{"line":5,"column":2},"end":{"line":5,"column":null}},"5":{"start":{"line":6,"column":2},"end":{"line":6,"column":null}}},"fnMap":{"0":{"name":"(anonymous_0)","decl":{"start":{"line":1,"column":0},"end":{"line":1,"column":12}},"loc":{"start":{"line":1,"column":16},"end":{"line":7,"column":1}}}},"branchMap":{"0":{"loc":{"start":{"line":1,"column":12},"end":{"line":1,"column":null}},"type":"binary-expr","locations":[{"start":{"line":1,"column":12},"end":{"line":1,"column":16}},{"start":{"line":1,"column":16},"end":{"line":1,"column":null}}]}},"s":{"0":0,"1":0,"2":0,"3":0,"4":0,"5":0},"f":{"0":0},"b":{"0":[0,0]}}
,"C:\\Lavoro\\esercizi\\frontend-cinematic\\src\\enums\\PathsEnum.ts": {"path":"C:\\Lavoro\\esercizi\\frontend-cinematic\\src\\enums\\PathsEnum.ts","statementMap":{"0":{"start":{"line":1,"column":0},"end":{"line":1,"column":null}},"1":{"start":{"line":2,"column":2},"end":{"line":2,"column":null}},"2":{"start":{"line":3,"column":2},"end":{"line":3,"column":null}},"3":{"start":{"line":4,"column":2},"end":{"line":4,"column":null}},"4":{"start":{"line":5,"column":2},"end":{"line":5,"column":null}},"5":{"start":{"line":6,"column":2},"end":{"line":6,"column":null}},"6":{"start":{"line":7,"column":2},"end":{"line":7,"column":null}}},"fnMap":{"0":{"name":"(anonymous_0)","decl":{"start":{"line":1,"column":0},"end":{"line":1,"column":12}},"loc":{"start":{"line":1,"column":21},"end":{"line":8,"column":1}}}},"branchMap":{"0":{"loc":{"start":{"line":1,"column":12},"end":{"line":1,"column":null}},"type":"binary-expr","locations":[{"start":{"line":1,"column":12},"end":{"line":1,"column":21}},{"start":{"line":1,"column":21},"end":{"line":1,"column":null}}]}},"s":{"0":2,"1":2,"2":2,"3":2,"4":2,"5":2,"6":2},"f":{"0":2},"b":{"0":[2,2]}}
,"C:\\Lavoro\\esercizi\\frontend-cinematic\\src\\enums\\routesEnums.ts": {"path":"C:\\Lavoro\\esercizi\\frontend-cinematic\\src\\enums\\routesEnums.ts","statementMap":{"0":{"start":{"line":1,"column":0},"end":{"line":1,"column":null}},"1":{"start":{"line":2,"column":2},"end":{"line":2,"column":null}},"2":{"start":{"line":3,"column":2},"end":{"line":3,"column":null}},"3":{"start":{"line":4,"column":2},"end":{"line":4,"column":null}}},"fnMap":{"0":{"name":"(anonymous_0)","decl":{"start":{"line":1,"column":0},"end":{"line":1,"column":12}},"loc":{"start":{"line":1,"column":18},"end":{"line":5,"column":1}}}},"branchMap":{"0":{"loc":{"start":{"line":1,"column":12},"end":{"line":1,"column":null}},"type":"binary-expr","locations":[{"start":{"line":1,"column":12},"end":{"line":1,"column":18}},{"start":{"line":1,"column":18},"end":{"line":1,"column":null}}]}},"s":{"0":0,"1":0,"2":0,"3":0},"f":{"0":0},"b":{"0":[0,0]}}
,"C:\\Lavoro\\esercizi\\frontend-cinematic\\src\\pages\\AboutUsPage\\AboutUsPage.tsx": {"path":"C:\\Lavoro\\esercizi\\frontend-cinematic\\src\\pages\\AboutUsPage\\AboutUsPage.tsx","statementMap":{"0":{"start":{"line":1,"column":20},"end":{"line":3,"column":1}},"1":{"start":{"line":2,"column":2},"end":{"line":2,"column":32}},"2":{"start":{"line":5,"column":0},"end":{"line":5,"column":27}}},"fnMap":{"0":{"name":"(anonymous_0)","decl":{"start":{"line":1,"column":20},"end":{"line":1,"column":23}},"loc":{"start":{"line":1,"column":25},"end":{"line":3,"column":1}}}},"branchMap":{},"s":{"0":0,"1":0,"2":0},"f":{"0":0},"b":{}}
,"C:\\Lavoro\\esercizi\\frontend-cinematic\\src\\pages\\HomePage\\HomePage.tsx": {"path":"C:\\Lavoro\\esercizi\\frontend-cinematic\\src\\pages\\HomePage\\HomePage.tsx","statementMap":{"0":{"start":{"line":1,"column":0},"end":{"line":1,"column":73}},"1":{"start":{"line":2,"column":0},"end":{"line":2,"column":63}},"2":{"start":{"line":4,"column":17},"end":{"line":13,"column":null}},"3":{"start":{"line":5,"column":2},"end":{"line":12,"column":null}},"4":{"start":{"line":15,"column":0},"end":{"line":15,"column":24}}},"fnMap":{"0":{"name":"(anonymous_1)","decl":{"start":{"line":4,"column":17},"end":{"line":4,"column":20}},"loc":{"start":{"line":5,"column":2},"end":{"line":12,"column":null}}}},"branchMap":{},"s":{"0":0,"1":0,"2":0,"3":0,"4":0},"f":{"0":0},"b":{}}
,"C:\\Lavoro\\esercizi\\frontend-cinematic\\src\\pages\\NotFoundPage\\NotFoundPage.tsx": {"path":"C:\\Lavoro\\esercizi\\frontend-cinematic\\src\\pages\\NotFoundPage\\NotFoundPage.tsx","statementMap":{"0":{"start":{"line":1,"column":21},"end":{"line":7,"column":null}},"1":{"start":{"line":2,"column":2},"end":{"line":6,"column":null}},"2":{"start":{"line":9,"column":0},"end":{"line":9,"column":28}}},"fnMap":{"0":{"name":"(anonymous_0)","decl":{"start":{"line":1,"column":21},"end":{"line":1,"column":24}},"loc":{"start":{"line":2,"column":2},"end":{"line":6,"column":null}}}},"branchMap":{},"s":{"0":0,"1":0,"2":0},"f":{"0":0},"b":{}}
,"C:\\Lavoro\\esercizi\\frontend-cinematic\\src\\pages\\PrivateActors\\PrivateActors.tsx": {"path":"C:\\Lavoro\\esercizi\\frontend-cinematic\\src\\pages\\PrivateActors\\PrivateActors.tsx","statementMap":{"0":{"start":{"line":1,"column":22},"end":{"line":3,"column":1}},"1":{"start":{"line":2,"column":2},"end":{"line":2,"column":34}},"2":{"start":{"line":5,"column":0},"end":{"line":5,"column":29}}},"fnMap":{"0":{"name":"(anonymous_0)","decl":{"start":{"line":1,"column":22},"end":{"line":1,"column":25}},"loc":{"start":{"line":1,"column":27},"end":{"line":3,"column":1}}}},"branchMap":{},"s":{"0":0,"1":0,"2":0},"f":{"0":0},"b":{}}
,"C:\\Lavoro\\esercizi\\frontend-cinematic\\src\\pages\\PrivateFilmsPage\\PrivateFilmsPage.tsx": {"path":"C:\\Lavoro\\esercizi\\frontend-cinematic\\src\\pages\\PrivateFilmsPage\\PrivateFilmsPage.tsx","statementMap":{"0":{"start":{"line":1,"column":0},"end":{"line":1,"column":46}},"1":{"start":{"line":2,"column":0},"end":{"line":2,"column":49}},"2":{"start":{"line":3,"column":0},"end":{"line":3,"column":40}},"3":{"start":{"line":4,"column":0},"end":{"line":4,"column":49}},"4":{"start":{"line":5,"column":0},"end":{"line":5,"column":67}},"5":{"start":{"line":7,"column":0},"end":{"line":7,"column":63}},"6":{"start":{"line":9,"column":25},"end":{"line":66,"column":1}},"7":{"start":{"line":10,"column":44},"end":{"line":10,"column":59}},"8":{"start":{"line":11,"column":42},"end":{"line":12,"column":null}},"9":{"start":{"line":19,"column":6},"end":{"line":19,"column":32}},"10":{"start":{"line":21,"column":35},"end":{"line":26,"column":null}},"11":{"start":{"line":23,"column":6},"end":{"line":23,"column":64}},"12":{"start":{"line":24,"column":6},"end":{"line":24,"column":39}},"13":{"start":{"line":28,"column":2},"end":{"line":65,"column":4}},"14":{"start":{"line":33,"column":42},"end":{"line":33,"column":77}},"15":{"start":{"line":40,"column":37},"end":{"line":40,"column":72}},"16":{"start":{"line":52,"column":16},"end":{"line":53,"column":null}},"17":{"start":{"line":56,"column":20},"end":{"line":56,"column":50}},"18":{"start":{"line":68,"column":0},"end":{"line":68,"column":32}}},"fnMap":{"0":{"name":"(anonymous_1)","decl":{"start":{"line":9,"column":25},"end":{"line":9,"column":28}},"loc":{"start":{"line":9,"column":30},"end":{"line":66,"column":1}}},"1":{"name":"(anonymous_2)","decl":{"start":{"line":22,"column":4},"end":{"line":22,"column":5}},"loc":{"start":{"line":22,"column":21},"end":{"line":25,"column":5}}},"2":{"name":"(anonymous_3)","decl":{"start":{"line":33,"column":36},"end":{"line":33,"column":39}},"loc":{"start":{"line":33,"column":42},"end":{"line":33,"column":77}}},"3":{"name":"(anonymous_4)","decl":{"start":{"line":40,"column":31},"end":{"line":40,"column":34}},"loc":{"start":{"line":40,"column":37},"end":{"line":40,"column":72}}},"4":{"name":"(anonymous_5)","decl":{"start":{"line":51,"column":25},"end":{"line":51,"column":26}},"loc":{"start":{"line":52,"column":16},"end":{"line":53,"column":null}}},"5":{"name":"(anonymous_6)","decl":{"start":{"line":55,"column":44},"end":{"line":55,"column":47}},"loc":{"start":{"line":56,"column":20},"end":{"line":56,"column":50}}}},"branchMap":{"0":{"loc":{"start":{"line":23,"column":6},"end":{"line":23,"column":63}},"type":"cond-expr","locations":[{"start":{"line":23,"column":13},"end":{"line":23,"column":34}},{"start":{"line":23,"column":37},"end":{"line":23,"column":63}}]},"1":{"loc":{"start":{"line":31,"column":7},"end":{"line":62,"column":null}},"type":"cond-expr","locations":[{"start":{"line":32,"column":8},"end":{"line":34,"column":null}},{"start":{"line":37,"column":8},"end":{"line":61,"column":null}}]},"2":{"loc":{"start":{"line":47,"column":13},"end":{"line":47,"column":68}},"type":"binary-expr","locations":[{"start":{"line":47,"column":13},"end":{"line":47,"column":20}},{"start":{"line":47,"column":24},"end":{"line":47,"column":68}}]},"3":{"loc":{"start":{"line":48,"column":13},"end":{"line":59,"column":null}},"type":"cond-expr","locations":[{"start":{"line":49,"column":14},"end":{"line":49,"column":46}},{"start":{"line":51,"column":14},"end":{"line":59,"column":16}}]},"4":{"loc":{"start":{"line":48,"column":13},"end":{"line":48,"column":36}},"type":"binary-expr","locations":[{"start":{"line":48,"column":13},"end":{"line":48,"column":23}},{"start":{"line":48,"column":27},"end":{"line":48,"column":36}}]}},"s":{"0":0,"1":0,"2":0,"3":0,"4":0,"5":0,"6":0,"7":0,"8":0,"9":0,"10":0,"11":0,"12":0,"13":0,"14":0,"15":0,"16":0,"17":0,"18":0},"f":{"0":0,"1":0,"2":0,"3":0,"4":0,"5":0},"b":{"0":[0,0],"1":[0,0],"2":[0,0],"3":[0,0],"4":[0,0]}}
,"C:\\Lavoro\\esercizi\\frontend-cinematic\\src\\pages\\PrivatePage\\PrivatePage.tsx": {"path":"C:\\Lavoro\\esercizi\\frontend-cinematic\\src\\pages\\PrivatePage\\PrivatePage.tsx","statementMap":{"0":{"start":{"line":2,"column":0},"end":{"line":2,"column":42}},"1":{"start":{"line":3,"column":0},"end":{"line":3,"column":55}},"2":{"start":{"line":4,"column":0},"end":{"line":4,"column":47}},"3":{"start":{"line":6,"column":20},"end":{"line":22,"column":1}},"4":{"start":{"line":7,"column":19},"end":{"line":7,"column":32}},"5":{"start":{"line":8,"column":16},"end":{"line":8,"column":32}},"6":{"start":{"line":9,"column":20},"end":{"line":9,"column":79}},"7":{"start":{"line":9,"column":63},"end":{"line":9,"column":78}},"8":{"start":{"line":10,"column":2},"end":{"line":10,"column":25}},"9":{"start":{"line":11,"column":25},"end":{"line":11,"column":46}},"10":{"start":{"line":12,"column":2},"end":{"line":12,"column":30}},"11":{"start":{"line":13,"column":2},"end":{"line":21,"column":3}},"12":{"start":{"line":14,"column":4},"end":{"line":18,"column":6}},"13":{"start":{"line":20,"column":4},"end":{"line":20,"column":29}},"14":{"start":{"line":24,"column":0},"end":{"line":24,"column":27}}},"fnMap":{"0":{"name":"(anonymous_0)","decl":{"start":{"line":6,"column":20},"end":{"line":6,"column":23}},"loc":{"start":{"line":6,"column":25},"end":{"line":22,"column":1}}},"1":{"name":"(anonymous_1)","decl":{"start":{"line":9,"column":32},"end":{"line":9,"column":33}},"loc":{"start":{"line":9,"column":63},"end":{"line":9,"column":78}}}},"branchMap":{"0":{"loc":{"start":{"line":13,"column":2},"end":{"line":21,"column":3}},"type":"if","locations":[{"start":{"line":13,"column":2},"end":{"line":21,"column":3}},{"start":{"line":19,"column":9},"end":{"line":21,"column":3}}]}},"s":{"0":0,"1":0,"2":0,"3":0,"4":0,"5":0,"6":0,"7":0,"8":0,"9":0,"10":0,"11":0,"12":0,"13":0,"14":0},"f":{"0":0,"1":0},"b":{"0":[0,0]}}
,"C:\\Lavoro\\esercizi\\frontend-cinematic\\src\\routes\\routes.tsx": {"path":"C:\\Lavoro\\esercizi\\frontend-cinematic\\src\\routes\\routes.tsx","statementMap":{"0":{"start":{"line":1,"column":0},"end":{"line":1,"column":55}},"1":{"start":{"line":2,"column":0},"end":{"line":2,"column":25}},"2":{"start":{"line":3,"column":0},"end":{"line":3,"column":41}},"3":{"start":{"line":4,"column":0},"end":{"line":4,"column":47}},"4":{"start":{"line":5,"column":0},"end":{"line":5,"column":62}},"5":{"start":{"line":6,"column":0},"end":{"line":6,"column":59}},"6":{"start":{"line":7,"column":0},"end":{"line":7,"column":74}},"7":{"start":{"line":8,"column":0},"end":{"line":8,"column":51}},"8":{"start":{"line":9,"column":0},"end":{"line":9,"column":61}},"9":{"start":{"line":10,"column":0},"end":{"line":10,"column":62}},"10":{"start":{"line":11,"column":0},"end":{"line":11,"column":47}},"11":{"start":{"line":13,"column":13},"end":{"line":55,"column":3}}},"fnMap":{},"branchMap":{},"s":{"0":0,"1":0,"2":0,"3":0,"4":0,"5":0,"6":0,"7":0,"8":0,"9":0,"10":0,"11":0},"f":{},"b":{}}
,"C:\\Lavoro\\esercizi\\frontend-cinematic\\src\\services\\utils.ts": {"path":"C:\\Lavoro\\esercizi\\frontend-cinematic\\src\\services\\utils.ts","statementMap":{"0":{"start":{"line":1,"column":13},"end":{"line":1,"column":40}}},"fnMap":{},"branchMap":{},"s":{"0":0},"f":{},"b":{}}
,"C:\\Lavoro\\esercizi\\frontend-cinematic\\src\\services\\auth\\login\\api.ts": {"path":"C:\\Lavoro\\esercizi\\frontend-cinematic\\src\\services\\auth\\login\\api.ts","statementMap":{"0":{"start":{"line":1,"column":0},"end":{"line":1,"column":73}},"1":{"start":{"line":2,"column":0},"end":{"line":2,"column":39}},"2":{"start":{"line":3,"column":0},"end":{"line":3,"column":46}},"3":{"start":{"line":5,"column":13},"end":{"line":14,"column":3}},"4":{"start":{"line":8,"column":20},"end":{"line":8,"column":22}},"5":{"start":{"line":10,"column":27},"end":{"line":13,"column":4}},"6":{"start":{"line":16,"column":15},"end":{"line":16,"column":66}}},"fnMap":{"0":{"name":"(anonymous_0)","decl":{"start":{"line":8,"column":13},"end":{"line":8,"column":16}},"loc":{"start":{"line":8,"column":20},"end":{"line":8,"column":22}}},"1":{"name":"(anonymous_1)","decl":{"start":{"line":10,"column":13},"end":{"line":10,"column":14}},"loc":{"start":{"line":10,"column":27},"end":{"line":13,"column":4}}}},"branchMap":{},"s":{"0":0,"1":0,"2":0,"3":0,"4":0,"5":0,"6":0},"f":{"0":0,"1":0},"b":{}}
,"C:\\Lavoro\\esercizi\\frontend-cinematic\\src\\services\\cinema\\api.ts": {"path":"C:\\Lavoro\\esercizi\\frontend-cinematic\\src\\services\\cinema\\api.ts","statementMap":{"0":{"start":{"line":1,"column":0},"end":{"line":1,"column":73}},"1":{"start":{"line":2,"column":0},"end":{"line":2,"column":48}},"2":{"start":{"line":3,"column":0},"end":{"line":3,"column":36}},"3":{"start":{"line":5,"column":13},"end":{"line":13,"column":3}},"4":{"start":{"line":8,"column":20},"end":{"line":8,"column":22}},"5":{"start":{"line":10,"column":27},"end":{"line":12,"column":4}},"6":{"start":{"line":15,"column":15},"end":{"line":15,"column":55}}},"fnMap":{"0":{"name":"(anonymous_0)","decl":{"start":{"line":8,"column":13},"end":{"line":8,"column":16}},"loc":{"start":{"line":8,"column":20},"end":{"line":8,"column":22}}},"1":{"name":"(anonymous_1)","decl":{"start":{"line":10,"column":13},"end":{"line":10,"column":14}},"loc":{"start":{"line":10,"column":27},"end":{"line":12,"column":4}}}},"branchMap":{},"s":{"0":0,"1":0,"2":0,"3":0,"4":0,"5":0,"6":0},"f":{"0":0,"1":0},"b":{}}
,"C:\\Lavoro\\esercizi\\frontend-cinematic\\src\\services\\cinema\\endpoints.ts": {"path":"C:\\Lavoro\\esercizi\\frontend-cinematic\\src\\services\\cinema\\endpoints.ts","statementMap":{"0":{"start":{"line":7,"column":26},"end":{"line":10,"column":6}},"1":{"start":{"line":8,"column":4},"end":{"line":10,"column":6}},"2":{"start":{"line":9,"column":21},"end":{"line":9,"column":29}},"3":{"start":{"line":12,"column":8},"end":{"line":12,"column":25}}},"fnMap":{"0":{"name":"(anonymous_0)","decl":{"start":{"line":7,"column":26},"end":{"line":7,"column":27}},"loc":{"start":{"line":8,"column":4},"end":{"line":10,"column":6}}},"1":{"name":"(anonymous_1)","decl":{"start":{"line":9,"column":15},"end":{"line":9,"column":18}},"loc":{"start":{"line":9,"column":21},"end":{"line":9,"column":29}}}},"branchMap":{},"s":{"0":0,"1":0,"2":0,"3":0},"f":{"0":0,"1":0},"b":{}}
,"C:\\Lavoro\\esercizi\\frontend-cinematic\\src\\services\\film\\api.ts": {"path":"C:\\Lavoro\\esercizi\\frontend-cinematic\\src\\services\\film\\api.ts","statementMap":{"0":{"start":{"line":1,"column":0},"end":{"line":1,"column":73}},"1":{"start":{"line":2,"column":0},"end":{"line":2,"column":36}},"2":{"start":{"line":3,"column":0},"end":{"line":3,"column":null}},"3":{"start":{"line":12,"column":13},"end":{"line":34,"column":3}},"4":{"start":{"line":18,"column":41},"end":{"line":18,"column":75}},"5":{"start":{"line":19,"column":6},"end":{"line":19,"column":29}},"6":{"start":{"line":20,"column":6},"end":{"line":22,"column":13}},"7":{"start":{"line":23,"column":6},"end":{"line":23,"column":21}},"8":{"start":{"line":26,"column":20},"end":{"line":26,"column":22}},"9":{"start":{"line":28,"column":27},"end":{"line":33,"column":4}},"10":{"start":{"line":37,"column":2},"end":{"line":41,"column":12}}},"fnMap":{"0":{"name":"(anonymous_0)","decl":{"start":{"line":17,"column":20},"end":{"line":17,"column":21}},"loc":{"start":{"line":17,"column":46},"end":{"line":24,"column":5}}},"1":{"name":"(anonymous_1)","decl":{"start":{"line":26,"column":13},"end":{"line":26,"column":16}},"loc":{"start":{"line":26,"column":20},"end":{"line":26,"column":22}}},"2":{"name":"(anonymous_2)","decl":{"start":{"line":28,"column":13},"end":{"line":28,"column":14}},"loc":{"start":{"line":28,"column":27},"end":{"line":33,"column":4}}}},"branchMap":{"0":{"loc":{"start":{"line":20,"column":6},"end":{"line":22,"column":12}},"type":"cond-expr","locations":[{"start":{"line":21,"column":10},"end":{"line":21,"column":67}},{"start":{"line":22,"column":10},"end":{"line":22,"column":12}}]}},"s":{"0":0,"1":0,"2":0,"3":0,"4":0,"5":0,"6":0,"7":0,"8":0,"9":0,"10":0},"f":{"0":0,"1":0,"2":0},"b":{"0":[0,0]}}
,"C:\\Lavoro\\esercizi\\frontend-cinematic\\src\\services\\film\\endpoints.ts": {"path":"C:\\Lavoro\\esercizi\\frontend-cinematic\\src\\services\\film\\endpoints.ts","statementMap":{"0":{"start":{"line":8,"column":0},"end":{"line":8,"column":51}},"1":{"start":{"line":9,"column":0},"end":{"line":9,"column":49}},"2":{"start":{"line":24,"column":25},"end":{"line":28,"column":4}},"3":{"start":{"line":25,"column":2},"end":{"line":28,"column":4}},"4":{"start":{"line":26,"column":17},"end":{"line":26,"column":29}},"5":{"start":{"line":55,"column":9},"end":{"line":55,"column":25}},"6":{"start":{"line":29,"column":20},"end":{"line":37,"column":4}},"7":{"start":{"line":30,"column":2},"end":{"line":37,"column":4}},"8":{"start":{"line":31,"column":22},"end":{"line":35,"column":6}},"9":{"start":{"line":55,"column":27},"end":{"line":55,"column":38}},"10":{"start":{"line":38,"column":23},"end":{"line":46,"column":4}},"11":{"start":{"line":39,"column":2},"end":{"line":46,"column":4}},"12":{"start":{"line":40,"column":30},"end":{"line":44,"column":6}},"13":{"start":{"line":55,"column":40},"end":{"line":55,"column":54}},"14":{"start":{"line":47,"column":23},"end":{"line":54,"column":4}},"15":{"start":{"line":48,"column":2},"end":{"line":54,"column":4}},"16":{"start":{"line":49,"column":20},"end":{"line":52,"column":6}},"17":{"start":{"line":55,"column":56},"end":{"line":55,"column":70}}},"fnMap":{"0":{"name":"(anonymous_0)","decl":{"start":{"line":24,"column":25},"end":{"line":24,"column":26}},"loc":{"start":{"line":25,"column":2},"end":{"line":28,"column":4}}},"1":{"name":"(anonymous_1)","decl":{"start":{"line":26,"column":11},"end":{"line":26,"column":14}},"loc":{"start":{"line":26,"column":17},"end":{"line":26,"column":29}}},"2":{"name":"(anonymous_2)","decl":{"start":{"line":29,"column":20},"end":{"line":29,"column":21}},"loc":{"start":{"line":30,"column":2},"end":{"line":37,"column":4}}},"3":{"name":"(anonymous_3)","decl":{"start":{"line":31,"column":11},"end":{"line":31,"column":12}},"loc":{"start":{"line":31,"column":22},"end":{"line":35,"column":6}}},"4":{"name":"(anonymous_4)","decl":{"start":{"line":38,"column":23},"end":{"line":38,"column":24}},"loc":{"start":{"line":39,"column":2},"end":{"line":46,"column":4}}},"5":{"name":"(anonymous_5)","decl":{"start":{"line":40,"column":11},"end":{"line":40,"column":12}},"loc":{"start":{"line":40,"column":30},"end":{"line":44,"column":6}}},"6":{"name":"(anonymous_6)","decl":{"start":{"line":47,"column":23},"end":{"line":47,"column":24}},"loc":{"start":{"line":48,"column":2},"end":{"line":54,"column":4}}},"7":{"name":"(anonymous_7)","decl":{"start":{"line":49,"column":11},"end":{"line":49,"column":12}},"loc":{"start":{"line":49,"column":20},"end":{"line":52,"column":6}}}},"branchMap":{},"s":{"0":0,"1":0,"2":0,"3":0,"4":0,"5":0,"6":0,"7":0,"8":0,"9":0,"10":0,"11":0,"12":0,"13":0,"14":0,"15":0,"16":0,"17":0},"f":{"0":0,"1":0,"2":0,"3":0,"4":0,"5":0,"6":0,"7":0},"b":{}}
,"C:\\Lavoro\\esercizi\\frontend-cinematic\\src\\slices\\auth\\authTokenSlice.ts": {"path":"C:\\Lavoro\\esercizi\\frontend-cinematic\\src\\slices\\auth\\authTokenSlice.ts","statementMap":{"0":{"start":{"line":1,"column":0},"end":{"line":1,"column":62}},"1":{"start":{"line":6,"column":37},"end":{"line":8,"column":2}},"2":{"start":{"line":9,"column":23},"end":{"line":20,"column":2}},"3":{"start":{"line":14,"column":6},"end":{"line":17,"column":8}},"4":{"start":{"line":22,"column":15},"end":{"line":22,"column":59}},"5":{"start":{"line":23,"column":0},"end":{"line":23,"column":30}}},"fnMap":{"0":{"name":"(anonymous_0)","decl":{"start":{"line":13,"column":22},"end":{"line":13,"column":23}},"loc":{"start":{"line":13,"column":63},"end":{"line":18,"column":5}}}},"branchMap":{},"s":{"0":0,"1":0,"2":0,"3":0,"4":0,"5":0},"f":{"0":0},"b":{}}
,"C:\\Lavoro\\esercizi\\frontend-cinematic\\src\\slices\\auth\\formModalSlice.ts": {"path":"C:\\Lavoro\\esercizi\\frontend-cinematic\\src\\slices\\auth\\formModalSlice.ts","statementMap":{"0":{"start":{"line":1,"column":0},"end":{"line":1,"column":47}},"1":{"start":{"line":5,"column":30},"end":{"line":5,"column":35}},"2":{"start":{"line":7,"column":23},"end":{"line":15,"column":2}},"3":{"start":{"line":12,"column":6},"end":{"line":12,"column":20}},"4":{"start":{"line":17,"column":15},"end":{"line":17,"column":58}},"5":{"start":{"line":18,"column":0},"end":{"line":18,"column":30}}},"fnMap":{"0":{"name":"(anonymous_0)","decl":{"start":{"line":11,"column":21},"end":{"line":11,"column":22}},"loc":{"start":{"line":11,"column":31},"end":{"line":13,"column":5}}}},"branchMap":{},"s":{"0":1,"1":1,"2":1,"3":0,"4":1,"5":1},"f":{"0":0},"b":{}}
,"C:\\Lavoro\\esercizi\\frontend-cinematic\\src\\store\\store.ts": {"path":"C:\\Lavoro\\esercizi\\frontend-cinematic\\src\\store\\store.ts","statementMap":{"0":{"start":{"line":1,"column":0},"end":{"line":1,"column":67}},"1":{"start":{"line":2,"column":0},"end":{"line":2,"column":51}},"2":{"start":{"line":3,"column":0},"end":{"line":3,"column":56}},"3":{"start":{"line":4,"column":0},"end":{"line":4,"column":47}},"4":{"start":{"line":5,"column":0},"end":{"line":5,"column":59}},"5":{"start":{"line":6,"column":0},"end":{"line":6,"column":54}},"6":{"start":{"line":7,"column":0},"end":{"line":7,"column":79}},"7":{"start":{"line":8,"column":0},"end":{"line":8,"column":null}},"8":{"start":{"line":19,"column":0},"end":{"line":19,"column":48}},"9":{"start":{"line":20,"column":0},"end":{"line":20,"column":63}},"10":{"start":{"line":26,"column":68},"end":{"line":32,"column":2}},"11":{"start":{"line":34,"column":25},"end":{"line":34,"column":78}},"12":{"start":{"line":36,"column":13},"end":{"line":42,"column":2}},"13":{"start":{"line":44,"column":13},"end":{"line":52,"column":3}},"14":{"start":{"line":47,"column":4},"end":{"line":51,"column":76}},"15":{"start":{"line":56,"column":11},"end":{"line":56,"column":44}},"16":{"start":{"line":58,"column":0},"end":{"line":58,"column":31}}},"fnMap":{"0":{"name":"(anonymous_1)","decl":{"start":{"line":46,"column":14},"end":{"line":46,"column":15}},"loc":{"start":{"line":47,"column":4},"end":{"line":51,"column":76}}}},"branchMap":{},"s":{"0":0,"1":0,"2":0,"3":0,"4":0,"5":0,"6":0,"7":0,"8":0,"9":0,"10":0,"11":0,"12":0,"13":0,"14":0,"15":0,"16":0},"f":{"0":0},"b":{}}
,"C:\\Lavoro\\esercizi\\frontend-cinematic\\src\\utils\\setAtomicComponentStyle.ts": {"path":"C:\\Lavoro\\esercizi\\frontend-cinematic\\src\\utils\\setAtomicComponentStyle.ts","statementMap":{"0":{"start":{"line":9,"column":64},"end":{"line":14,"column":1}},"1":{"start":{"line":13,"column":2},"end":{"line":13,"column":50}},"2":{"start":{"line":13,"column":27},"end":{"line":13,"column":38}},"3":{"start":{"line":9,"column":13},"end":{"line":9,"column":64}}},"fnMap":{"0":{"name":"(anonymous_0)","decl":{"start":{"line":9,"column":64},"end":{"line":9,"column":null}},"loc":{"start":{"line":12,"column":4},"end":{"line":14,"column":1}}},"1":{"name":"(anonymous_1)","decl":{"start":{"line":13,"column":18},"end":{"line":13,"column":19}},"loc":{"start":{"line":13,"column":27},"end":{"line":13,"column":38}}}},"branchMap":{},"s":{"0":3,"1":3,"2":2,"3":3},"f":{"0":3,"1":2},"b":{}}
}
