{"C:\\Lavoro\\esercizi\\frontend-cinematic\\src\\App.tsx": {"path":"C:\\Lavoro\\esercizi\\frontend-cinematic\\src\\App.tsx","statementMap":{"0":{"start":{"line":1,"column":0},"end":{"line":1,"column":42}},"1":{"start":{"line":2,"column":0},"end":{"line":2,"column":19}},"2":{"start":{"line":3,"column":0},"end":{"line":3,"column":46}},"3":{"start":{"line":4,"column":0},"end":{"line":4,"column":42}},"4":{"start":{"line":5,"column":0},"end":{"line":5,"column":34}},"5":{"start":{"line":6,"column":0},"end":{"line":6,"column":66}},"6":{"start":{"line":8,"column":21},"end":{"line":10,"column":2}},"7":{"start":{"line":11,"column":23},"end":{"line":14,"column":2}},"8":{"start":{"line":17,"column":27},"end":{"line":18,"column":null}},"9":{"start":{"line":18,"column":39},"end":{"line":18,"column":54}},"10":{"start":{"line":20,"column":33},"end":{"line":20,"column":56}},"11":{"start":{"line":22,"column":2},"end":{"line":24,"column":27}},"12":{"start":{"line":23,"column":4},"end":{"line":23,"column":25}},"13":{"start":{"line":26,"column":2},"end":{"line":38,"column":4}},"14":{"start":{"line":41,"column":0},"end":{"line":41,"column":19}}},"fnMap":{"0":{"name":"App","decl":{"start":{"line":16,"column":9},"end":{"line":16,"column":12}},"loc":{"start":{"line":16,"column":12},"end":{"line":39,"column":1}}},"1":{"name":"(anonymous_2)","decl":{"start":{"line":18,"column":4},"end":{"line":18,"column":5}},"loc":{"start":{"line":18,"column":39},"end":{"line":18,"column":54}}},"2":{"name":"(anonymous_3)","decl":{"start":{"line":22,"column":12},"end":{"line":22,"column":15}},"loc":{"start":{"line":22,"column":17},"end":{"line":24,"column":3}}}},"branchMap":{"0":{"loc":{"start":{"line":28,"column":7},"end":{"line":34,"column":null}},"type":"binary-expr","locations":[{"start":{"line":28,"column":7},"end":{"line":28,"column":23}},{"start":{"line":29,"column":8},"end":{"line":33,"column":null}}]},"1":{"loc":{"start":{"line":31,"column":17},"end":{"line":31,"column":65}},"type":"cond-expr","locations":[{"start":{"line":31,"column":36},"end":{"line":31,"column":48}},{"start":{"line":31,"column":51},"end":{"line":31,"column":65}}]}},"s":{"0":0,"1":0,"2":0,"3":0,"4":0,"5":0,"6":0,"7":0,"8":0,"9":0,"10":0,"11":0,"12":0,"13":0,"14":0},"f":{"0":0,"1":0,"2":0},"b":{"0":[0,0],"1":[0,0]}}
,"C:\\Lavoro\\esercizi\\frontend-cinematic\\src\\main.tsx": {"path":"C:\\Lavoro\\esercizi\\frontend-cinematic\\src\\main.tsx","statementMap":{"0":{"start":{"line":1,"column":0},"end":{"line":1,"column":42}},"1":{"start":{"line":2,"column":0},"end":{"line":2,"column":40}},"2":{"start":{"line":3,"column":0},"end":{"line":3,"column":39}},"3":{"start":{"line":4,"column":0},"end":{"line":4,"column":50}},"4":{"start":{"line":5,"column":0},"end":{"line":5,"column":50}},"5":{"start":{"line":6,"column":0},"end":{"line":6,"column":41}},"6":{"start":{"line":7,"column":0},"end":{"line":7,"column":62}},"7":{"start":{"line":9,"column":13},"end":{"line":10,"column":null}},"8":{"start":{"line":12,"column":0},"end":{"line":18,"column":2}}},"fnMap":{},"branchMap":{},"s":{"0":0,"1":0,"2":0,"3":0,"4":0,"5":0,"6":0,"7":0,"8":0},"f":{},"b":{}}
,"C:\\Lavoro\\esercizi\\frontend-cinematic\\src\\vite-env.d.ts": {"path":"C:\\Lavoro\\esercizi\\frontend-cinematic\\src\\vite-env.d.ts","statementMap":{},"fnMap":{},"branchMap":{},"s":{},"f":{},"b":{}}
,"C:\\Lavoro\\esercizi\\frontend-cinematic\\src\\Layouts\\MainLayout.tsx\\MainLayout.tsx": {"path":"C:\\Lavoro\\esercizi\\frontend-cinematic\\src\\Layouts\\MainLayout.tsx\\MainLayout.tsx","statementMap":{"0":{"start":{"line":2,"column":0},"end":{"line":2,"column":45}},"1":{"start":{"line":4,"column":19},"end":{"line":11,"column":1}},"2":{"start":{"line":5,"column":2},"end":{"line":10,"column":4}},"3":{"start":{"line":13,"column":0},"end":{"line":13,"column":26}}},"fnMap":{"0":{"name":"(anonymous_1)","decl":{"start":{"line":4,"column":19},"end":{"line":4,"column":20}},"loc":{"start":{"line":4,"column":61},"end":{"line":11,"column":1}}}},"branchMap":{},"s":{"0":0,"1":0,"2":0,"3":0},"f":{"0":0},"b":{}}
,"C:\\Lavoro\\esercizi\\frontend-cinematic\\src\\Layouts\\PrivateMainLayout\\PrivateMainLayout.tsx": {"path":"C:\\Lavoro\\esercizi\\frontend-cinematic\\src\\Layouts\\PrivateMainLayout\\PrivateMainLayout.tsx","statementMap":{"0":{"start":{"line":2,"column":0},"end":{"line":2,"column":69}},"1":{"start":{"line":4,"column":26},"end":{"line":15,"column":1}},"2":{"start":{"line":5,"column":2},"end":{"line":14,"column":4}},"3":{"start":{"line":17,"column":0},"end":{"line":17,"column":33}}},"fnMap":{"0":{"name":"(anonymous_1)","decl":{"start":{"line":4,"column":26},"end":{"line":4,"column":27}},"loc":{"start":{"line":4,"column":68},"end":{"line":15,"column":1}}}},"branchMap":{},"s":{"0":0,"1":0,"2":0,"3":0},"f":{"0":0},"b":{}}
,"C:\\Lavoro\\esercizi\\frontend-cinematic\\src\\components\\FilmForm\\FilmForm.tsx": {"path":"C:\\Lavoro\\esercizi\\frontend-cinematic\\src\\components\\FilmForm\\FilmForm.tsx","statementMap":{"0":{"start":{"line":1,"column":0},"end":{"line":1,"column":57}},"1":{"start":{"line":2,"column":0},"end":{"line":2,"column":54}},"2":{"start":{"line":3,"column":0},"end":{"line":3,"column":null}},"3":{"start":{"line":7,"column":0},"end":{"line":7,"column":35}},"4":{"start":{"line":8,"column":0},"end":{"line":8,"column":41}},"5":{"start":{"line":10,"column":0},"end":{"line":10,"column":51}},"6":{"start":{"line":11,"column":0},"end":{"line":11,"column":62}},"7":{"start":{"line":12,"column":0},"end":{"line":12,"column":28}},"8":{"start":{"line":13,"column":0},"end":{"line":13,"column":48}},"9":{"start":{"line":14,"column":0},"end":{"line":14,"column":45}},"10":{"start":{"line":15,"column":0},"end":{"line":15,"column":33}},"11":{"start":{"line":16,"column":0},"end":{"line":16,"column":39}},"12":{"start":{"line":23,"column":17},"end":{"line":117,"column":1}},"13":{"start":{"line":35,"column":6},"end":{"line":35,"column":24}},"14":{"start":{"line":37,"column":47},"end":{"line":37,"column":71}},"15":{"start":{"line":39,"column":4},"end":{"line":39,"column":31}},"16":{"start":{"line":40,"column":30},"end":{"line":40,"column":53}},"17":{"start":{"line":46,"column":6},"end":{"line":59,"column":4}},"18":{"start":{"line":61,"column":46},"end":{"line":69,"column":3}},"19":{"start":{"line":62,"column":26},"end":{"line":62,"column":56}},"20":{"start":{"line":63,"column":4},"end":{"line":63,"column":22}},"21":{"start":{"line":65,"column":16},"end":{"line":67,"column":56}},"22":{"start":{"line":68,"column":4},"end":{"line":68,"column":50}},"23":{"start":{"line":68,"column":23},"end":{"line":68,"column":50}},"24":{"start":{"line":70,"column":29},"end":{"line":72,"column":3}},"25":{"start":{"line":71,"column":4},"end":{"line":71,"column":22}},"26":{"start":{"line":74,"column":2},"end":{"line":76,"column":3}},"27":{"start":{"line":75,"column":4},"end":{"line":75,"column":26}},"28":{"start":{"line":77,"column":2},"end":{"line":79,"column":3}},"29":{"start":{"line":78,"column":4},"end":{"line":78,"column":59}},"30":{"start":{"line":80,"column":2},"end":{"line":116,"column":4}},"31":{"start":{"line":88,"column":10},"end":{"line":89,"column":null}},"32":{"start":{"line":119,"column":0},"end":{"line":119,"column":24}}},"fnMap":{"0":{"name":"(anonymous_7)","decl":{"start":{"line":23,"column":17},"end":{"line":23,"column":18}},"loc":{"start":{"line":26,"column":21},"end":{"line":117,"column":1}}},"1":{"name":"(anonymous_8)","decl":{"start":{"line":61,"column":46},"end":{"line":61,"column":51}},"loc":{"start":{"line":61,"column":61},"end":{"line":69,"column":3}}},"2":{"name":"(anonymous_9)","decl":{"start":{"line":70,"column":29},"end":{"line":70,"column":30}},"loc":{"start":{"line":70,"column":51},"end":{"line":72,"column":3}}},"3":{"name":"(anonymous_10)","decl":{"start":{"line":87,"column":28},"end":{"line":87,"column":29}},"loc":{"start":{"line":88,"column":10},"end":{"line":89,"column":null}}}},"branchMap":{"0":{"loc":{"start":{"line":35,"column":6},"end":{"line":35,"column":24}},"type":"binary-expr","locations":[{"start":{"line":35,"column":6},"end":{"line":35,"column":18}},{"start":{"line":35,"column":22},"end":{"line":35,"column":24}}]},"1":{"loc":{"start":{"line":65,"column":16},"end":{"line":67,"column":56}},"type":"cond-expr","locations":[{"start":{"line":66,"column":8},"end":{"line":66,"column":30}},{"start":{"line":67,"column":8},"end":{"line":67,"column":56}}]},"2":{"loc":{"start":{"line":68,"column":4},"end":{"line":68,"column":50}},"type":"if","locations":[{"start":{"line":68,"column":4},"end":{"line":68,"column":50}}]},"3":{"loc":{"start":{"line":74,"column":2},"end":{"line":76,"column":3}},"type":"if","locations":[{"start":{"line":74,"column":2},"end":{"line":76,"column":3}}]},"4":{"loc":{"start":{"line":74,"column":6},"end":{"line":74,"column":32}},"type":"binary-expr","locations":[{"start":{"line":74,"column":6},"end":{"line":74,"column":15}},{"start":{"line":74,"column":19},"end":{"line":74,"column":32}}]},"5":{"loc":{"start":{"line":77,"column":2},"end":{"line":79,"column":3}},"type":"if","locations":[{"start":{"line":77,"column":2},"end":{"line":79,"column":3}}]},"6":{"loc":{"start":{"line":77,"column":6},"end":{"line":77,"column":28}},"type":"binary-expr","locations":[{"start":{"line":77,"column":6},"end":{"line":77,"column":13}},{"start":{"line":77,"column":17},"end":{"line":77,"column":28}}]},"7":{"loc":{"start":{"line":84,"column":16},"end":{"line":84,"column":51}},"type":"cond-expr","locations":[{"start":{"line":84,"column":31},"end":{"line":84,"column":39}},{"start":{"line":84,"column":42},"end":{"line":84,"column":51}}]},"8":{"loc":{"start":{"line":90,"column":18},"end":{"line":90,"column":41}},"type":"binary-expr","locations":[{"start":{"line":90,"column":18},"end":{"line":90,"column":28}},{"start":{"line":90,"column":32},"end":{"line":90,"column":41}}]},"9":{"loc":{"start":{"line":104,"column":19},"end":{"line":104,"column":51}},"type":"cond-expr","locations":[{"start":{"line":104,"column":34},"end":{"line":104,"column":40}},{"start":{"line":104,"column":43},"end":{"line":104,"column":51}}]}},"s":{"0":6,"1":6,"2":6,"3":6,"4":6,"5":6,"6":6,"7":6,"8":6,"9":6,"10":6,"11":6,"12":6,"13":10,"14":10,"15":10,"16":10,"17":10,"18":10,"19":2,"20":2,"21":2,"22":2,"23":1,"24":10,"25":0,"26":10,"27":1,"28":9,"29":1,"30":8,"31":48,"32":6},"f":{"0":10,"1":2,"2":0,"3":48},"b":{"0":[10,7],"1":[1,1],"2":[1],"3":[1],"4":[10,9],"5":[1],"6":[9,8],"7":[3,5],"8":[48,40],"9":[3,5]}}
,"C:\\Lavoro\\esercizi\\frontend-cinematic\\src\\components\\FilmForm\\schema.ts": {"path":"C:\\Lavoro\\esercizi\\frontend-cinematic\\src\\components\\FilmForm\\schema.ts","statementMap":{"0":{"start":{"line":1,"column":0},"end":{"line":1,"column":24}},"1":{"start":{"line":4,"column":13},"end":{"line":16,"column":3}},"2":{"start":{"line":20,"column":13},"end":{"line":70,"column":2}}},"fnMap":{},"branchMap":{},"s":{"0":6,"1":6,"2":6},"f":{},"b":{}}
,"C:\\Lavoro\\esercizi\\frontend-cinematic\\src\\components\\FilmsCarousel\\FilmsCarousel.tsx": {"path":"C:\\Lavoro\\esercizi\\frontend-cinematic\\src\\components\\FilmsCarousel\\FilmsCarousel.tsx","statementMap":{"0":{"start":{"line":1,"column":0},"end":{"line":1,"column":67}},"1":{"start":{"line":2,"column":0},"end":{"line":2,"column":39}},"2":{"start":{"line":4,"column":22},"end":{"line":26,"column":1}},"3":{"start":{"line":10,"column":6},"end":{"line":10,"column":32}},"4":{"start":{"line":11,"column":2},"end":{"line":25,"column":6}},"5":{"start":{"line":12,"column":4},"end":{"line":12,"column":54}},"6":{"start":{"line":13,"column":9},"end":{"line":25,"column":6}},"7":{"start":{"line":14,"column":4},"end":{"line":14,"column":26}},"8":{"start":{"line":16,"column":4},"end":{"line":25,"column":6}},"9":{"start":{"line":20,"column":10},"end":{"line":20,"column":null}},"10":{"start":{"line":27,"column":0},"end":{"line":27,"column":29}}},"fnMap":{"0":{"name":"(anonymous_1)","decl":{"start":{"line":4,"column":22},"end":{"line":4,"column":25}},"loc":{"start":{"line":4,"column":27},"end":{"line":26,"column":1}}},"1":{"name":"(anonymous_2)","decl":{"start":{"line":19,"column":20},"end":{"line":19,"column":21}},"loc":{"start":{"line":20,"column":10},"end":{"line":20,"column":null}}}},"branchMap":{"0":{"loc":{"start":{"line":11,"column":2},"end":{"line":25,"column":6}},"type":"if","locations":[{"start":{"line":11,"column":2},"end":{"line":25,"column":6}},{"start":{"line":13,"column":9},"end":{"line":25,"column":6}}]},"1":{"loc":{"start":{"line":13,"column":9},"end":{"line":25,"column":6}},"type":"if","locations":[{"start":{"line":13,"column":9},"end":{"line":25,"column":6}},{"start":{"line":16,"column":4},"end":{"line":25,"column":6}}]},"2":{"loc":{"start":{"line":13,"column":13},"end":{"line":13,"column":36}},"type":"binary-expr","locations":[{"start":{"line":13,"column":13},"end":{"line":13,"column":22}},{"start":{"line":13,"column":26},"end":{"line":13,"column":36}}]}},"s":{"0":7,"1":7,"2":7,"3":3,"4":3,"5":1,"6":2,"7":1,"8":1,"9":1,"10":7},"f":{"0":3,"1":1},"b":{"0":[1,2],"1":[1,1],"2":[2,1]}}
,"C:\\Lavoro\\esercizi\\frontend-cinematic\\src\\components\\FormInputs\\FormInput.tsx": {"path":"C:\\Lavoro\\esercizi\\frontend-cinematic\\src\\components\\FormInputs\\FormInput.tsx","statementMap":{"0":{"start":{"line":2,"column":0},"end":{"line":2,"column":78}},"1":{"start":{"line":4,"column":0},"end":{"line":4,"column":23}},"2":{"start":{"line":6,"column":23},"end":{"line":9,"column":2}},"3":{"start":{"line":33,"column":18},"end":{"line":62,"column":1}},"4":{"start":{"line":43,"column":2},"end":{"line":61,"column":4}},"5":{"start":{"line":63,"column":0},"end":{"line":63,"column":25}}},"fnMap":{"0":{"name":"(anonymous_1)","decl":{"start":{"line":33,"column":18},"end":{"line":33,"column":19}},"loc":{"start":{"line":42,"column":21},"end":{"line":62,"column":1}}}},"branchMap":{"0":{"loc":{"start":{"line":45,"column":7},"end":{"line":49,"column":14}},"type":"cond-expr","locations":[{"start":{"line":46,"column":8},"end":{"line":47,"column":null}},{"start":{"line":49,"column":10},"end":{"line":49,"column":14}}]},"1":{"loc":{"start":{"line":56,"column":13},"end":{"line":56,"column":37}},"type":"binary-expr","locations":[{"start":{"line":56,"column":13},"end":{"line":56,"column":21}},{"start":{"line":56,"column":25},"end":{"line":56,"column":37}}]},"2":{"loc":{"start":{"line":59,"column":7},"end":{"line":59,"column":67}},"type":"binary-expr","locations":[{"start":{"line":59,"column":7},"end":{"line":59,"column":12}},{"start":{"line":59,"column":16},"end":{"line":59,"column":67}}]}},"s":{"0":9,"1":9,"2":9,"3":9,"4":90,"5":9},"f":{"0":90},"b":{"0":[90,0],"1":[90,88],"2":[90,11]}}
,"C:\\Lavoro\\esercizi\\frontend-cinematic\\src\\components\\GenreInput\\GenreInput.tsx": {"path":"C:\\Lavoro\\esercizi\\frontend-cinematic\\src\\components\\GenreInput\\GenreInput.tsx","statementMap":{"0":{"start":{"line":1,"column":0},"end":{"line":1,"column":64}},"1":{"start":{"line":3,"column":0},"end":{"line":3,"column":35}},"2":{"start":{"line":4,"column":0},"end":{"line":4,"column":40}},"3":{"start":{"line":5,"column":0},"end":{"line":5,"column":62}},"4":{"start":{"line":6,"column":0},"end":{"line":6,"column":67}},"5":{"start":{"line":7,"column":0},"end":{"line":7,"column":39}},"6":{"start":{"line":9,"column":19},"end":{"line":42,"column":1}},"7":{"start":{"line":10,"column":28},"end":{"line":10,"column":65}},"8":{"start":{"line":11,"column":49},"end":{"line":11,"column":74}},"9":{"start":{"line":13,"column":23},"end":{"line":15,"column":8}},"10":{"start":{"line":14,"column":4},"end":{"line":14,"column":65}},"11":{"start":{"line":14,"column":24},"end":{"line":14,"column":62}},"12":{"start":{"line":17,"column":23},"end":{"line":22,"column":null}},"13":{"start":{"line":19,"column":6},"end":{"line":19,"column":25}},"14":{"start":{"line":20,"column":6},"end":{"line":20,"column":32}},"15":{"start":{"line":24,"column":2},"end":{"line":24,"column":39}},"16":{"start":{"line":24,"column":17},"end":{"line":24,"column":39}},"17":{"start":{"line":26,"column":2},"end":{"line":29,"column":6}},"18":{"start":{"line":27,"column":4},"end":{"line":29,"column":6}},"19":{"start":{"line":31,"column":2},"end":{"line":41,"column":4}},"20":{"start":{"line":33,"column":47},"end":{"line":33,"column":62}},"21":{"start":{"line":44,"column":0},"end":{"line":44,"column":26}}},"fnMap":{"0":{"name":"(anonymous_1)","decl":{"start":{"line":9,"column":19},"end":{"line":9,"column":22}},"loc":{"start":{"line":9,"column":24},"end":{"line":42,"column":1}}},"1":{"name":"(anonymous_2)","decl":{"start":{"line":13,"column":35},"end":{"line":13,"column":36}},"loc":{"start":{"line":13,"column":78},"end":{"line":15,"column":3}}},"2":{"name":"(anonymous_3)","decl":{"start":{"line":14,"column":13},"end":{"line":14,"column":14}},"loc":{"start":{"line":14,"column":24},"end":{"line":14,"column":62}}},"3":{"name":"(anonymous_4)","decl":{"start":{"line":18,"column":4},"end":{"line":18,"column":9}},"loc":{"start":{"line":18,"column":27},"end":{"line":21,"column":5}}},"4":{"name":"(anonymous_5)","decl":{"start":{"line":33,"column":40},"end":{"line":33,"column":41}},"loc":{"start":{"line":33,"column":47},"end":{"line":33,"column":62}}}},"branchMap":{"0":{"loc":{"start":{"line":24,"column":2},"end":{"line":24,"column":39}},"type":"if","locations":[{"start":{"line":24,"column":2},"end":{"line":24,"column":39}}]},"1":{"loc":{"start":{"line":26,"column":2},"end":{"line":29,"column":6}},"type":"if","locations":[{"start":{"line":26,"column":2},"end":{"line":29,"column":6}}]}},"s":{"0":2,"1":2,"2":2,"3":2,"4":2,"5":2,"6":2,"7":7,"8":7,"9":7,"10":2,"11":2,"12":7,"13":1,"14":1,"15":7,"16":1,"17":6,"18":1,"19":5,"20":2,"21":2},"f":{"0":7,"1":2,"2":2,"3":1,"4":2},"b":{"0":[1],"1":[1]}}
,"C:\\Lavoro\\esercizi\\frontend-cinematic\\src\\components\\GenreInputText\\GenreInputText.tsx": {"path":"C:\\Lavoro\\esercizi\\frontend-cinematic\\src\\components\\GenreInputText\\GenreInputText.tsx","statementMap":{"0":{"start":{"line":7,"column":23},"end":{"line":20,"column":1}},"1":{"start":{"line":8,"column":2},"end":{"line":19,"column":4}},"2":{"start":{"line":16,"column":25},"end":{"line":16,"column":44}},"3":{"start":{"line":22,"column":0},"end":{"line":22,"column":30}}},"fnMap":{"0":{"name":"(anonymous_0)","decl":{"start":{"line":7,"column":23},"end":{"line":7,"column":24}},"loc":{"start":{"line":7,"column":69},"end":{"line":20,"column":1}}},"1":{"name":"(anonymous_1)","decl":{"start":{"line":16,"column":18},"end":{"line":16,"column":19}},"loc":{"start":{"line":16,"column":25},"end":{"line":16,"column":44}}}},"branchMap":{},"s":{"0":3,"1":7,"2":3,"3":3},"f":{"0":7,"1":3},"b":{}}
,"C:\\Lavoro\\esercizi\\frontend-cinematic\\src\\components\\GenreSelector\\GenreSelector.tsx": {"path":"C:\\Lavoro\\esercizi\\frontend-cinematic\\src\\components\\GenreSelector\\GenreSelector.tsx","statementMap":{"0":{"start":{"line":1,"column":0},"end":{"line":1,"column":69}},"1":{"start":{"line":2,"column":0},"end":{"line":2,"column":33}},"2":{"start":{"line":4,"column":0},"end":{"line":4,"column":39}},"3":{"start":{"line":12,"column":22},"end":{"line":55,"column":1}},"4":{"start":{"line":13,"column":46},"end":{"line":13,"column":74}},"5":{"start":{"line":14,"column":48},"end":{"line":14,"column":75}},"6":{"start":{"line":16,"column":31},"end":{"line":25,"column":3}},"7":{"start":{"line":17,"column":26},"end":{"line":20,"column":null}},"8":{"start":{"line":20,"column":21},"end":{"line":20,"column":74}},"9":{"start":{"line":23,"column":4},"end":{"line":23,"column":37}},"10":{"start":{"line":24,"column":4},"end":{"line":24,"column":34}},"11":{"start":{"line":27,"column":2},"end":{"line":29,"column":3}},"12":{"start":{"line":28,"column":4},"end":{"line":28,"column":26}},"13":{"start":{"line":31,"column":2},"end":{"line":33,"column":3}},"14":{"start":{"line":32,"column":4},"end":{"line":32,"column":78}},"15":{"start":{"line":34,"column":2},"end":{"line":54,"column":4}},"16":{"start":{"line":38,"column":8},"end":{"line":38,"column":null}},"17":{"start":{"line":45,"column":14},"end":{"line":45,"column":69}},"18":{"start":{"line":57,"column":0},"end":{"line":57,"column":29}}},"fnMap":{"0":{"name":"(anonymous_1)","decl":{"start":{"line":12,"column":22},"end":{"line":12,"column":23}},"loc":{"start":{"line":12,"column":65},"end":{"line":55,"column":1}}},"1":{"name":"(anonymous_2)","decl":{"start":{"line":16,"column":31},"end":{"line":16,"column":32}},"loc":{"start":{"line":16,"column":71},"end":{"line":25,"column":3}}},"2":{"name":"(anonymous_3)","decl":{"start":{"line":20,"column":10},"end":{"line":20,"column":11}},"loc":{"start":{"line":20,"column":21},"end":{"line":20,"column":74}}},"3":{"name":"(anonymous_4)","decl":{"start":{"line":37,"column":18},"end":{"line":37,"column":19}},"loc":{"start":{"line":38,"column":8},"end":{"line":38,"column":null}}},"4":{"name":"(anonymous_5)","decl":{"start":{"line":44,"column":22},"end":{"line":44,"column":23}},"loc":{"start":{"line":45,"column":14},"end":{"line":45,"column":69}}}},"branchMap":{"0":{"loc":{"start":{"line":17,"column":26},"end":{"line":20,"column":null}},"type":"cond-expr","locations":[{"start":{"line":18,"column":8},"end":{"line":18,"column":53}},{"start":{"line":19,"column":8},"end":{"line":20,"column":null}}]},"1":{"loc":{"start":{"line":20,"column":21},"end":{"line":20,"column":74}},"type":"binary-expr","locations":[{"start":{"line":20,"column":21},"end":{"line":20,"column":41}},{"start":{"line":20,"column":45},"end":{"line":20,"column":74}}]},"2":{"loc":{"start":{"line":27,"column":2},"end":{"line":29,"column":3}},"type":"if","locations":[{"start":{"line":27,"column":2},"end":{"line":29,"column":3}}]},"3":{"loc":{"start":{"line":31,"column":2},"end":{"line":33,"column":3}},"type":"if","locations":[{"start":{"line":31,"column":2},"end":{"line":33,"column":3}}]},"4":{"loc":{"start":{"line":31,"column":6},"end":{"line":31,"column":24}},"type":"binary-expr","locations":[{"start":{"line":31,"column":6},"end":{"line":31,"column":13}},{"start":{"line":31,"column":17},"end":{"line":31,"column":24}}]}},"s":{"0":6,"1":6,"2":6,"3":6,"4":6,"5":6,"6":6,"7":2,"8":1,"9":2,"10":2,"11":6,"12":1,"13":5,"14":1,"15":4,"16":12,"17":2,"18":6},"f":{"0":6,"1":2,"2":1,"3":12,"4":2},"b":{"0":[1,1],"1":[1,0],"2":[1],"3":[1],"4":[5,4]}}
,"C:\\Lavoro\\esercizi\\frontend-cinematic\\src\\components\\Header\\Header.tsx": {"path":"C:\\Lavoro\\esercizi\\frontend-cinematic\\src\\components\\Header\\Header.tsx","statementMap":{"0":{"start":{"line":1,"column":0},"end":{"line":1,"column":40}},"1":{"start":{"line":2,"column":0},"end":{"line":2,"column":48}},"2":{"start":{"line":3,"column":0},"end":{"line":3,"column":22}},"3":{"start":{"line":4,"column":0},"end":{"line":4,"column":40}},"4":{"start":{"line":5,"column":0},"end":{"line":5,"column":50}},"5":{"start":{"line":6,"column":0},"end":{"line":6,"column":42}},"6":{"start":{"line":7,"column":0},"end":{"line":7,"column":67}},"7":{"start":{"line":8,"column":0},"end":{"line":8,"column":41}},"8":{"start":{"line":9,"column":0},"end":{"line":9,"column":35}},"9":{"start":{"line":11,"column":15},"end":{"line":45,"column":1}},"10":{"start":{"line":12,"column":19},"end":{"line":12,"column":32}},"11":{"start":{"line":13,"column":2},"end":{"line":44,"column":4}},"12":{"start":{"line":38,"column":37},"end":{"line":38,"column":64}},"13":{"start":{"line":47,"column":0},"end":{"line":47,"column":22}}},"fnMap":{"0":{"name":"(anonymous_1)","decl":{"start":{"line":11,"column":15},"end":{"line":11,"column":18}},"loc":{"start":{"line":11,"column":20},"end":{"line":45,"column":1}}},"1":{"name":"(anonymous_2)","decl":{"start":{"line":38,"column":31},"end":{"line":38,"column":34}},"loc":{"start":{"line":38,"column":37},"end":{"line":38,"column":64}}}},"branchMap":{},"s":{"0":6,"1":6,"2":6,"3":6,"4":6,"5":6,"6":6,"7":6,"8":6,"9":6,"10":2,"11":2,"12":1,"13":6},"f":{"0":2,"1":1},"b":{}}
,"C:\\Lavoro\\esercizi\\frontend-cinematic\\src\\components\\LoginForm\\LoginForm.tsx": {"path":"C:\\Lavoro\\esercizi\\frontend-cinematic\\src\\components\\LoginForm\\LoginForm.tsx","statementMap":{"0":{"start":{"line":1,"column":0},"end":{"line":1,"column":57}},"1":{"start":{"line":2,"column":0},"end":{"line":2,"column":54}},"2":{"start":{"line":3,"column":0},"end":{"line":3,"column":63}},"3":{"start":{"line":4,"column":0},"end":{"line":4,"column":48}},"4":{"start":{"line":5,"column":0},"end":{"line":5,"column":23}},"5":{"start":{"line":6,"column":0},"end":{"line":6,"column":65}},"6":{"start":{"line":7,"column":0},"end":{"line":7,"column":47}},"7":{"start":{"line":8,"column":0},"end":{"line":8,"column":42}},"8":{"start":{"line":9,"column":0},"end":{"line":9,"column":67}},"9":{"start":{"line":10,"column":0},"end":{"line":10,"column":36}},"10":{"start":{"line":11,"column":0},"end":{"line":11,"column":68}},"11":{"start":{"line":12,"column":0},"end":{"line":12,"column":39}},"12":{"start":{"line":13,"column":0},"end":{"line":13,"column":50}},"13":{"start":{"line":15,"column":18},"end":{"line":71,"column":1}},"14":{"start":{"line":16,"column":42},"end":{"line":16,"column":60}},"15":{"start":{"line":17,"column":19},"end":{"line":17,"column":32}},"16":{"start":{"line":18,"column":19},"end":{"line":18,"column":32}},"17":{"start":{"line":23,"column":6},"end":{"line":27,"column":4}},"18":{"start":{"line":29,"column":46},"end":{"line":40,"column":8}},"19":{"start":{"line":30,"column":4},"end":{"line":39,"column":9}},"20":{"start":{"line":33,"column":8},"end":{"line":33,"column":50}},"21":{"start":{"line":34,"column":8},"end":{"line":34,"column":36}},"22":{"start":{"line":35,"column":8},"end":{"line":35,"column":36}},"23":{"start":{"line":38,"column":8},"end":{"line":38,"column":23}},"24":{"start":{"line":42,"column":2},"end":{"line":44,"column":3}},"25":{"start":{"line":43,"column":4},"end":{"line":43,"column":26}},"26":{"start":{"line":46,"column":2},"end":{"line":70,"column":4}},"27":{"start":{"line":50,"column":10},"end":{"line":51,"column":null}},"28":{"start":{"line":73,"column":0},"end":{"line":73,"column":25}}},"fnMap":{"0":{"name":"(anonymous_1)","decl":{"start":{"line":15,"column":18},"end":{"line":15,"column":21}},"loc":{"start":{"line":15,"column":23},"end":{"line":71,"column":1}}},"1":{"name":"(anonymous_2)","decl":{"start":{"line":29,"column":58},"end":{"line":29,"column":59}},"loc":{"start":{"line":29,"column":67},"end":{"line":40,"column":3}}},"2":{"name":"(anonymous_3)","decl":{"start":{"line":32,"column":12},"end":{"line":32,"column":13}},"loc":{"start":{"line":32,"column":24},"end":{"line":36,"column":7}}},"3":{"name":"(anonymous_4)","decl":{"start":{"line":37,"column":13},"end":{"line":37,"column":14}},"loc":{"start":{"line":37,"column":19},"end":{"line":39,"column":7}}},"4":{"name":"(anonymous_5)","decl":{"start":{"line":49,"column":29},"end":{"line":49,"column":30}},"loc":{"start":{"line":50,"column":10},"end":{"line":51,"column":null}}}},"branchMap":{"0":{"loc":{"start":{"line":42,"column":2},"end":{"line":44,"column":3}},"type":"if","locations":[{"start":{"line":42,"column":2},"end":{"line":44,"column":3}}]},"1":{"loc":{"start":{"line":61,"column":9},"end":{"line":61,"column":73}},"type":"binary-expr","locations":[{"start":{"line":61,"column":9},"end":{"line":61,"column":16}},{"start":{"line":61,"column":20},"end":{"line":61,"column":73}}]}},"s":{"0":7,"1":7,"2":7,"3":7,"4":7,"5":7,"6":7,"7":7,"8":7,"9":7,"10":7,"11":7,"12":7,"13":7,"14":9,"15":9,"16":9,"17":9,"18":9,"19":2,"20":1,"21":1,"22":1,"23":1,"24":9,"25":1,"26":8,"27":16,"28":7},"f":{"0":9,"1":2,"2":1,"3":1,"4":16},"b":{"0":[1],"1":[8,1]}}
,"C:\\Lavoro\\esercizi\\frontend-cinematic\\src\\components\\LoginForm\\schema.ts": {"path":"C:\\Lavoro\\esercizi\\frontend-cinematic\\src\\components\\LoginForm\\schema.ts","statementMap":{"0":{"start":{"line":1,"column":0},"end":{"line":1,"column":24}},"1":{"start":{"line":4,"column":13},"end":{"line":7,"column":3}},"2":{"start":{"line":11,"column":13},"end":{"line":28,"column":2}}},"fnMap":{},"branchMap":{},"s":{"0":7,"1":7,"2":7},"f":{},"b":{}}
,"C:\\Lavoro\\esercizi\\frontend-cinematic\\src\\components\\LoginFormModal\\LoginFormModal.tsx": {"path":"C:\\Lavoro\\esercizi\\frontend-cinematic\\src\\components\\LoginFormModal\\LoginFormModal.tsx","statementMap":{"0":{"start":{"line":1,"column":0},"end":{"line":1,"column":41}},"1":{"start":{"line":2,"column":0},"end":{"line":2,"column":37}},"2":{"start":{"line":3,"column":0},"end":{"line":3,"column":45}},"3":{"start":{"line":4,"column":0},"end":{"line":4,"column":30}},"4":{"start":{"line":5,"column":0},"end":{"line":5,"column":46}},"5":{"start":{"line":6,"column":0},"end":{"line":6,"column":39}},"6":{"start":{"line":7,"column":0},"end":{"line":7,"column":42}},"7":{"start":{"line":8,"column":0},"end":{"line":8,"column":67}},"8":{"start":{"line":10,"column":23},"end":{"line":56,"column":1}},"9":{"start":{"line":11,"column":19},"end":{"line":11,"column":32}},"10":{"start":{"line":12,"column":40},"end":{"line":12,"column":54}},"11":{"start":{"line":14,"column":27},"end":{"line":16,"column":8}},"12":{"start":{"line":15,"column":4},"end":{"line":15,"column":36}},"13":{"start":{"line":15,"column":29},"end":{"line":15,"column":34}},"14":{"start":{"line":18,"column":2},"end":{"line":55,"column":4}},"15":{"start":{"line":24,"column":33},"end":{"line":24,"column":60}},"16":{"start":{"line":58,"column":0},"end":{"line":58,"column":30}}},"fnMap":{"0":{"name":"(anonymous_1)","decl":{"start":{"line":10,"column":23},"end":{"line":10,"column":26}},"loc":{"start":{"line":10,"column":28},"end":{"line":56,"column":1}}},"1":{"name":"(anonymous_2)","decl":{"start":{"line":14,"column":39},"end":{"line":14,"column":42}},"loc":{"start":{"line":14,"column":44},"end":{"line":16,"column":3}}},"2":{"name":"(anonymous_3)","decl":{"start":{"line":15,"column":19},"end":{"line":15,"column":20}},"loc":{"start":{"line":15,"column":29},"end":{"line":15,"column":34}}},"3":{"name":"(anonymous_4)","decl":{"start":{"line":24,"column":27},"end":{"line":24,"column":30}},"loc":{"start":{"line":24,"column":33},"end":{"line":24,"column":60}}}},"branchMap":{"0":{"loc":{"start":{"line":30,"column":12},"end":{"line":30,"column":null}},"type":"cond-expr","locations":[{"start":{"line":30,"column":26},"end":{"line":30,"column":41}},{"start":{"line":30,"column":44},"end":{"line":30,"column":null}}]},"1":{"loc":{"start":{"line":37,"column":21},"end":{"line":37,"column":51}},"type":"cond-expr","locations":[{"start":{"line":37,"column":35},"end":{"line":37,"column":39}},{"start":{"line":37,"column":42},"end":{"line":37,"column":51}}]},"2":{"loc":{"start":{"line":42,"column":12},"end":{"line":42,"column":null}},"type":"cond-expr","locations":[{"start":{"line":42,"column":26},"end":{"line":42,"column":43}},{"start":{"line":42,"column":46},"end":{"line":42,"column":null}}]},"3":{"loc":{"start":{"line":49,"column":21},"end":{"line":49,"column":52}},"type":"cond-expr","locations":[{"start":{"line":49,"column":36},"end":{"line":49,"column":40}},{"start":{"line":49,"column":43},"end":{"line":49,"column":52}}]},"4":{"loc":{"start":{"line":53,"column":7},"end":{"line":53,"column":51}},"type":"cond-expr","locations":[{"start":{"line":53,"column":21},"end":{"line":53,"column":34}},{"start":{"line":53,"column":37},"end":{"line":53,"column":51}}]}},"s":{"0":7,"1":7,"2":7,"3":7,"4":7,"5":7,"6":7,"7":7,"8":7,"9":5,"10":5,"11":5,"12":2,"13":2,"14":5,"15":1,"16":7},"f":{"0":5,"1":2,"2":2,"3":1},"b":{"0":[4,1],"1":[4,1],"2":[4,1],"3":[1,4],"4":[4,1]}}
,"C:\\Lavoro\\esercizi\\frontend-cinematic\\src\\components\\MainLoader\\MainLoader.tsx": {"path":"C:\\Lavoro\\esercizi\\frontend-cinematic\\src\\components\\MainLoader\\MainLoader.tsx","statementMap":{"0":{"start":{"line":1,"column":0},"end":{"line":1,"column":26}},"1":{"start":{"line":3,"column":19},"end":{"line":3,"column":78}},"2":{"start":{"line":3,"column":25},"end":{"line":3,"column":78}},"3":{"start":{"line":5,"column":0},"end":{"line":5,"column":38}}},"fnMap":{"0":{"name":"(anonymous_1)","decl":{"start":{"line":3,"column":19},"end":{"line":3,"column":22}},"loc":{"start":{"line":3,"column":25},"end":{"line":3,"column":78}}}},"branchMap":{},"s":{"0":11,"1":11,"2":7,"3":11},"f":{"0":7},"b":{}}
,"C:\\Lavoro\\esercizi\\frontend-cinematic\\src\\components\\PrimaryButton\\PrimaryButton.tsx": {"path":"C:\\Lavoro\\esercizi\\frontend-cinematic\\src\\components\\PrimaryButton\\PrimaryButton.tsx","statementMap":{"0":{"start":{"line":1,"column":0},"end":{"line":1,"column":26}},"1":{"start":{"line":3,"column":0},"end":{"line":3,"column":78}},"2":{"start":{"line":5,"column":18},"end":{"line":14,"column":2}},"3":{"start":{"line":27,"column":22},"end":{"line":46,"column":1}},"4":{"start":{"line":35,"column":2},"end":{"line":45,"column":4}},"5":{"start":{"line":48,"column":0},"end":{"line":48,"column":29}}},"fnMap":{"0":{"name":"(anonymous_1)","decl":{"start":{"line":27,"column":22},"end":{"line":27,"column":23}},"loc":{"start":{"line":34,"column":16},"end":{"line":46,"column":1}}}},"branchMap":{"0":{"loc":{"start":{"line":32,"column":2},"end":{"line":32,"column":17}},"type":"default-arg","locations":[{"start":{"line":32,"column":9},"end":{"line":32,"column":17}}]},"1":{"loc":{"start":{"line":33,"column":2},"end":{"line":33,"column":17}},"type":"default-arg","locations":[{"start":{"line":33,"column":12},"end":{"line":33,"column":17}}]},"2":{"loc":{"start":{"line":42,"column":7},"end":{"line":42,"column":40}},"type":"binary-expr","locations":[{"start":{"line":42,"column":7},"end":{"line":42,"column":11}},{"start":{"line":42,"column":15},"end":{"line":42,"column":40}}]},"3":{"loc":{"start":{"line":43,"column":7},"end":{"line":43,"column":20}},"type":"binary-expr","locations":[{"start":{"line":43,"column":7},"end":{"line":43,"column":14}},{"start":{"line":43,"column":18},"end":{"line":43,"column":20}}]}},"s":{"0":8,"1":8,"2":8,"3":8,"4":40,"5":8},"f":{"0":40},"b":{"0":[33],"1":[33],"2":[40,28],"3":[40,7]}}
,"C:\\Lavoro\\esercizi\\frontend-cinematic\\src\\components\\PrimaryLink\\PrimaryLink.tsx": {"path":"C:\\Lavoro\\esercizi\\frontend-cinematic\\src\\components\\PrimaryLink\\PrimaryLink.tsx","statementMap":{"0":{"start":{"line":1,"column":0},"end":{"line":1,"column":40}},"1":{"start":{"line":3,"column":0},"end":{"line":3,"column":78}},"2":{"start":{"line":4,"column":0},"end":{"line":4,"column":27}},"3":{"start":{"line":6,"column":19},"end":{"line":11,"column":2}},"4":{"start":{"line":21,"column":20},"end":{"line":29,"column":1}},"5":{"start":{"line":22,"column":2},"end":{"line":28,"column":4}},"6":{"start":{"line":31,"column":0},"end":{"line":31,"column":27}}},"fnMap":{"0":{"name":"(anonymous_0)","decl":{"start":{"line":21,"column":20},"end":{"line":21,"column":21}},"loc":{"start":{"line":21,"column":61},"end":{"line":29,"column":1}}}},"branchMap":{},"s":{"0":8,"1":8,"2":8,"3":8,"4":8,"5":7,"6":8},"f":{"0":7},"b":{}}
,"C:\\Lavoro\\esercizi\\frontend-cinematic\\src\\components\\PrivateFilmCard\\PrivateFilmCard.tsx": {"path":"C:\\Lavoro\\esercizi\\frontend-cinematic\\src\\components\\PrivateFilmCard\\PrivateFilmCard.tsx","statementMap":{"0":{"start":{"line":1,"column":0},"end":{"line":1,"column":43}},"1":{"start":{"line":2,"column":0},"end":{"line":2,"column":35}},"2":{"start":{"line":4,"column":0},"end":{"line":4,"column":41}},"3":{"start":{"line":5,"column":0},"end":{"line":5,"column":68}},"4":{"start":{"line":12,"column":24},"end":{"line":60,"column":1}},"5":{"start":{"line":16,"column":23},"end":{"line":16,"column":50}},"6":{"start":{"line":25,"column":6},"end":{"line":25,"column":10}},"7":{"start":{"line":26,"column":2},"end":{"line":26,"column":20}},"8":{"start":{"line":28,"column":2},"end":{"line":59,"column":4}},"9":{"start":{"line":44,"column":37},"end":{"line":44,"column":67}},"10":{"start":{"line":50,"column":37},"end":{"line":50,"column":55}},"11":{"start":{"line":62,"column":0},"end":{"line":62,"column":31}}},"fnMap":{"0":{"name":"(anonymous_0)","decl":{"start":{"line":12,"column":24},"end":{"line":12,"column":25}},"loc":{"start":{"line":15,"column":27},"end":{"line":60,"column":1}}},"1":{"name":"(anonymous_1)","decl":{"start":{"line":44,"column":31},"end":{"line":44,"column":34}},"loc":{"start":{"line":44,"column":37},"end":{"line":44,"column":67}}},"2":{"name":"(anonymous_2)","decl":{"start":{"line":50,"column":31},"end":{"line":50,"column":34}},"loc":{"start":{"line":50,"column":37},"end":{"line":50,"column":55}}}},"branchMap":{},"s":{"0":2,"1":2,"2":2,"3":2,"4":2,"5":3,"6":3,"7":3,"8":3,"9":1,"10":1,"11":2},"f":{"0":3,"1":1,"2":1},"b":{}}
,"C:\\Lavoro\\esercizi\\frontend-cinematic\\src\\components\\PublicFilmCard\\PublicFilmCard.tsx": {"path":"C:\\Lavoro\\esercizi\\frontend-cinematic\\src\\components\\PublicFilmCard\\PublicFilmCard.tsx","statementMap":{"0":{"start":{"line":2,"column":0},"end":{"line":2,"column":30}},"1":{"start":{"line":8,"column":23},"end":{"line":24,"column":1}},"2":{"start":{"line":9,"column":2},"end":{"line":23,"column":4}},"3":{"start":{"line":26,"column":0},"end":{"line":26,"column":30}}},"fnMap":{"0":{"name":"(anonymous_0)","decl":{"start":{"line":8,"column":23},"end":{"line":8,"column":24}},"loc":{"start":{"line":8,"column":57},"end":{"line":24,"column":1}}}},"branchMap":{},"s":{"0":2,"1":2,"2":2,"3":2},"f":{"0":2},"b":{}}
,"C:\\Lavoro\\esercizi\\frontend-cinematic\\src\\components\\PublicFilmCards\\PublicFilmCards.tsx": {"path":"C:\\Lavoro\\esercizi\\frontend-cinematic\\src\\components\\PublicFilmCards\\PublicFilmCards.tsx","statementMap":{"0":{"start":{"line":1,"column":0},"end":{"line":1,"column":67}},"1":{"start":{"line":2,"column":0},"end":{"line":2,"column":39}},"2":{"start":{"line":3,"column":0},"end":{"line":3,"column":47}},"3":{"start":{"line":5,"column":24},"end":{"line":22,"column":1}},"4":{"start":{"line":6,"column":47},"end":{"line":6,"column":73}},"5":{"start":{"line":7,"column":2},"end":{"line":9,"column":3}},"6":{"start":{"line":8,"column":4},"end":{"line":8,"column":53}},"7":{"start":{"line":10,"column":2},"end":{"line":12,"column":3}},"8":{"start":{"line":11,"column":4},"end":{"line":11,"column":26}},"9":{"start":{"line":13,"column":2},"end":{"line":21,"column":4}},"10":{"start":{"line":16,"column":8},"end":{"line":16,"column":31}},"11":{"start":{"line":24,"column":0},"end":{"line":24,"column":31}}},"fnMap":{"0":{"name":"(anonymous_1)","decl":{"start":{"line":5,"column":24},"end":{"line":5,"column":27}},"loc":{"start":{"line":5,"column":29},"end":{"line":22,"column":1}}},"1":{"name":"(anonymous_2)","decl":{"start":{"line":15,"column":18},"end":{"line":15,"column":19}},"loc":{"start":{"line":16,"column":8},"end":{"line":16,"column":31}}}},"branchMap":{"0":{"loc":{"start":{"line":7,"column":2},"end":{"line":9,"column":3}},"type":"if","locations":[{"start":{"line":7,"column":2},"end":{"line":9,"column":3}}]},"1":{"loc":{"start":{"line":10,"column":2},"end":{"line":12,"column":3}},"type":"if","locations":[{"start":{"line":10,"column":2},"end":{"line":12,"column":3}}]}},"s":{"0":1,"1":1,"2":1,"3":1,"4":3,"5":3,"6":1,"7":2,"8":1,"9":1,"10":1,"11":1},"f":{"0":3,"1":1},"b":{"0":[1],"1":[1]}}
,"C:\\Lavoro\\esercizi\\frontend-cinematic\\src\\components\\SidePrivateNavMenu\\SidePrivateNavMenu.tsx": {"path":"C:\\Lavoro\\esercizi\\frontend-cinematic\\src\\components\\SidePrivateNavMenu\\SidePrivateNavMenu.tsx","statementMap":{"0":{"start":{"line":1,"column":0},"end":{"line":1,"column":50}},"1":{"start":{"line":2,"column":0},"end":{"line":2,"column":41}},"2":{"start":{"line":4,"column":27},"end":{"line":20,"column":1}},"3":{"start":{"line":5,"column":2},"end":{"line":19,"column":4}},"4":{"start":{"line":9,"column":27},"end":{"line":9,"column":52}},"5":{"start":{"line":11,"column":10},"end":{"line":12,"column":null}},"6":{"start":{"line":22,"column":0},"end":{"line":22,"column":34}}},"fnMap":{"0":{"name":"(anonymous_1)","decl":{"start":{"line":4,"column":27},"end":{"line":4,"column":30}},"loc":{"start":{"line":4,"column":32},"end":{"line":20,"column":1}}},"1":{"name":"(anonymous_2)","decl":{"start":{"line":9,"column":16},"end":{"line":9,"column":17}},"loc":{"start":{"line":9,"column":27},"end":{"line":9,"column":52}}},"2":{"name":"(anonymous_3)","decl":{"start":{"line":10,"column":13},"end":{"line":10,"column":14}},"loc":{"start":{"line":11,"column":10},"end":{"line":12,"column":null}}}},"branchMap":{},"s":{"0":7,"1":7,"2":7,"3":1,"4":6,"5":3,"6":7},"f":{"0":1,"1":6,"2":3},"b":{}}
,"C:\\Lavoro\\esercizi\\frontend-cinematic\\src\\components\\SignInForm\\SignInForm.tsx": {"path":"C:\\Lavoro\\esercizi\\frontend-cinematic\\src\\components\\SignInForm\\SignInForm.tsx","statementMap":{"0":{"start":{"line":1,"column":0},"end":{"line":1,"column":57}},"1":{"start":{"line":2,"column":0},"end":{"line":2,"column":54}},"2":{"start":{"line":3,"column":0},"end":{"line":3,"column":42}},"3":{"start":{"line":4,"column":0},"end":{"line":4,"column":67}},"4":{"start":{"line":5,"column":0},"end":{"line":5,"column":64}},"5":{"start":{"line":6,"column":0},"end":{"line":6,"column":48}},"6":{"start":{"line":7,"column":0},"end":{"line":7,"column":23}},"7":{"start":{"line":8,"column":0},"end":{"line":8,"column":68}},"8":{"start":{"line":10,"column":0},"end":{"line":10,"column":26}},"9":{"start":{"line":11,"column":0},"end":{"line":11,"column":47}},"10":{"start":{"line":12,"column":0},"end":{"line":12,"column":50}},"11":{"start":{"line":13,"column":0},"end":{"line":13,"column":68}},"12":{"start":{"line":14,"column":0},"end":{"line":14,"column":39}},"13":{"start":{"line":16,"column":19},"end":{"line":79,"column":2}},"14":{"start":{"line":17,"column":19},"end":{"line":17,"column":32}},"15":{"start":{"line":18,"column":43},"end":{"line":18,"column":64}},"16":{"start":{"line":19,"column":19},"end":{"line":19,"column":32}},"17":{"start":{"line":25,"column":6},"end":{"line":30,"column":4}},"18":{"start":{"line":32,"column":46},"end":{"line":46,"column":3}},"19":{"start":{"line":33,"column":35},"end":{"line":37,"column":6}},"20":{"start":{"line":38,"column":4},"end":{"line":45,"column":9}},"21":{"start":{"line":41,"column":8},"end":{"line":41,"column":29}},"22":{"start":{"line":42,"column":8},"end":{"line":42,"column":36}},"23":{"start":{"line":43,"column":8},"end":{"line":43,"column":50}},"24":{"start":{"line":44,"column":8},"end":{"line":44,"column":36}},"25":{"start":{"line":48,"column":2},"end":{"line":78,"column":4}},"26":{"start":{"line":56,"column":14},"end":{"line":57,"column":null}},"27":{"start":{"line":80,"column":0},"end":{"line":80,"column":26}}},"fnMap":{"0":{"name":"(anonymous_1)","decl":{"start":{"line":16,"column":30},"end":{"line":16,"column":33}},"loc":{"start":{"line":16,"column":35},"end":{"line":79,"column":1}}},"1":{"name":"(anonymous_2)","decl":{"start":{"line":32,"column":46},"end":{"line":32,"column":51}},"loc":{"start":{"line":32,"column":61},"end":{"line":46,"column":3}}},"2":{"name":"(anonymous_3)","decl":{"start":{"line":40,"column":12},"end":{"line":40,"column":13}},"loc":{"start":{"line":40,"column":24},"end":{"line":45,"column":7}}},"3":{"name":"(anonymous_4)","decl":{"start":{"line":55,"column":34},"end":{"line":55,"column":35}},"loc":{"start":{"line":56,"column":14},"end":{"line":57,"column":null}}}},"branchMap":{"0":{"loc":{"start":{"line":50,"column":7},"end":{"line":75,"column":null}},"type":"cond-expr","locations":[{"start":{"line":51,"column":8},"end":{"line":51,"column":22}},{"start":{"line":53,"column":8},"end":{"line":74,"column":null}}]},"1":{"loc":{"start":{"line":67,"column":13},"end":{"line":67,"column":75}},"type":"cond-expr","locations":[{"start":{"line":67,"column":23},"end":{"line":67,"column":70}},{"start":{"line":67,"column":73},"end":{"line":67,"column":75}}]}},"s":{"0":7,"1":7,"2":7,"3":7,"4":7,"5":7,"6":7,"7":7,"8":7,"9":7,"10":7,"11":7,"12":7,"13":7,"14":7,"15":7,"16":7,"17":7,"18":7,"19":1,"20":1,"21":1,"22":1,"23":1,"24":1,"25":7,"26":24,"27":7},"f":{"0":7,"1":1,"2":1,"3":24},"b":{"0":[1,6],"1":[1,5]}}
,"C:\\Lavoro\\esercizi\\frontend-cinematic\\src\\components\\SignInForm\\schema.ts": {"path":"C:\\Lavoro\\esercizi\\frontend-cinematic\\src\\components\\SignInForm\\schema.ts","statementMap":{"0":{"start":{"line":1,"column":0},"end":{"line":1,"column":24}},"1":{"start":{"line":4,"column":13},"end":{"line":21,"column":5}},"2":{"start":{"line":14,"column":4},"end":{"line":20,"column":5}},"3":{"start":{"line":15,"column":6},"end":{"line":19,"column":9}},"4":{"start":{"line":25,"column":13},"end":{"line":58,"column":2}}},"fnMap":{"0":{"name":"(anonymous_0)","decl":{"start":{"line":13,"column":15},"end":{"line":13,"column":16}},"loc":{"start":{"line":13,"column":54},"end":{"line":21,"column":3}}}},"branchMap":{"0":{"loc":{"start":{"line":14,"column":4},"end":{"line":20,"column":5}},"type":"if","locations":[{"start":{"line":14,"column":4},"end":{"line":20,"column":5}}]}},"s":{"0":7,"1":7,"2":3,"3":0,"4":7},"f":{"0":3},"b":{"0":[0]}}
,"C:\\Lavoro\\esercizi\\frontend-cinematic\\src\\enums\\HttpMethodsEnum.ts": {"path":"C:\\Lavoro\\esercizi\\frontend-cinematic\\src\\enums\\HttpMethodsEnum.ts","statementMap":{"0":{"start":{"line":1,"column":0},"end":{"line":1,"column":null}},"1":{"start":{"line":2,"column":2},"end":{"line":2,"column":null}},"2":{"start":{"line":3,"column":2},"end":{"line":3,"column":null}},"3":{"start":{"line":4,"column":2},"end":{"line":4,"column":null}},"4":{"start":{"line":5,"column":2},"end":{"line":5,"column":null}},"5":{"start":{"line":6,"column":2},"end":{"line":6,"column":null}}},"fnMap":{"0":{"name":"(anonymous_0)","decl":{"start":{"line":1,"column":0},"end":{"line":1,"column":12}},"loc":{"start":{"line":1,"column":16},"end":{"line":7,"column":1}}}},"branchMap":{"0":{"loc":{"start":{"line":1,"column":12},"end":{"line":1,"column":null}},"type":"binary-expr","locations":[{"start":{"line":1,"column":12},"end":{"line":1,"column":16}},{"start":{"line":1,"column":16},"end":{"line":1,"column":null}}]}},"s":{"0":10,"1":10,"2":10,"3":10,"4":10,"5":10},"f":{"0":10},"b":{"0":[10,10]}}
,"C:\\Lavoro\\esercizi\\frontend-cinematic\\src\\enums\\PathsEnum.ts": {"path":"C:\\Lavoro\\esercizi\\frontend-cinematic\\src\\enums\\PathsEnum.ts","statementMap":{"0":{"start":{"line":1,"column":0},"end":{"line":1,"column":null}},"1":{"start":{"line":2,"column":2},"end":{"line":2,"column":null}},"2":{"start":{"line":3,"column":2},"end":{"line":3,"column":null}},"3":{"start":{"line":4,"column":2},"end":{"line":4,"column":null}},"4":{"start":{"line":5,"column":2},"end":{"line":5,"column":null}},"5":{"start":{"line":6,"column":2},"end":{"line":6,"column":null}},"6":{"start":{"line":7,"column":2},"end":{"line":7,"column":null}}},"fnMap":{"0":{"name":"(anonymous_0)","decl":{"start":{"line":1,"column":0},"end":{"line":1,"column":12}},"loc":{"start":{"line":1,"column":21},"end":{"line":8,"column":1}}}},"branchMap":{"0":{"loc":{"start":{"line":1,"column":12},"end":{"line":1,"column":null}},"type":"binary-expr","locations":[{"start":{"line":1,"column":12},"end":{"line":1,"column":21}},{"start":{"line":1,"column":21},"end":{"line":1,"column":null}}]}},"s":{"0":10,"1":10,"2":10,"3":10,"4":10,"5":10,"6":10},"f":{"0":10},"b":{"0":[10,10]}}
,"C:\\Lavoro\\esercizi\\frontend-cinematic\\src\\enums\\routesEnums.ts": {"path":"C:\\Lavoro\\esercizi\\frontend-cinematic\\src\\enums\\routesEnums.ts","statementMap":{"0":{"start":{"line":1,"column":0},"end":{"line":1,"column":null}},"1":{"start":{"line":2,"column":2},"end":{"line":2,"column":null}},"2":{"start":{"line":3,"column":2},"end":{"line":3,"column":null}},"3":{"start":{"line":4,"column":2},"end":{"line":4,"column":null}},"4":{"start":{"line":5,"column":2},"end":{"line":5,"column":null}}},"fnMap":{"0":{"name":"(anonymous_0)","decl":{"start":{"line":1,"column":0},"end":{"line":1,"column":12}},"loc":{"start":{"line":1,"column":18},"end":{"line":6,"column":1}}}},"branchMap":{"0":{"loc":{"start":{"line":1,"column":12},"end":{"line":1,"column":null}},"type":"binary-expr","locations":[{"start":{"line":1,"column":12},"end":{"line":1,"column":18}},{"start":{"line":1,"column":18},"end":{"line":1,"column":null}}]}},"s":{"0":10,"1":10,"2":10,"3":10,"4":10},"f":{"0":10},"b":{"0":[10,10]}}
,"C:\\Lavoro\\esercizi\\frontend-cinematic\\src\\hooks\\useVerifyTokenExpired.ts": {"path":"C:\\Lavoro\\esercizi\\frontend-cinematic\\src\\hooks\\useVerifyTokenExpired.ts","statementMap":{"0":{"start":{"line":1,"column":0},"end":{"line":1,"column":55}},"1":{"start":{"line":2,"column":0},"end":{"line":2,"column":79}},"2":{"start":{"line":3,"column":0},"end":{"line":3,"column":36}},"3":{"start":{"line":4,"column":0},"end":{"line":4,"column":43}},"4":{"start":{"line":6,"column":30},"end":{"line":26,"column":1}},"5":{"start":{"line":7,"column":19},"end":{"line":7,"column":32}},"6":{"start":{"line":8,"column":19},"end":{"line":8,"column":32}},"7":{"start":{"line":9,"column":20},"end":{"line":10,"column":null}},"8":{"start":{"line":10,"column":46},"end":{"line":10,"column":61}},"9":{"start":{"line":13,"column":29},"end":{"line":21,"column":16}},"10":{"start":{"line":14,"column":31},"end":{"line":14,"column":40}},"11":{"start":{"line":15,"column":4},"end":{"line":15,"column":59}},"12":{"start":{"line":16,"column":4},"end":{"line":20,"column":5}},"13":{"start":{"line":17,"column":6},"end":{"line":17,"column":51}},"14":{"start":{"line":18,"column":6},"end":{"line":18,"column":33}},"15":{"start":{"line":19,"column":6},"end":{"line":19,"column":20}},"16":{"start":{"line":23,"column":2},"end":{"line":25,"column":4}},"17":{"start":{"line":28,"column":0},"end":{"line":28,"column":37}}},"fnMap":{"0":{"name":"(anonymous_0)","decl":{"start":{"line":6,"column":30},"end":{"line":6,"column":33}},"loc":{"start":{"line":6,"column":35},"end":{"line":26,"column":1}}},"1":{"name":"(anonymous_1)","decl":{"start":{"line":10,"column":4},"end":{"line":10,"column":5}},"loc":{"start":{"line":10,"column":46},"end":{"line":10,"column":61}}},"2":{"name":"(anonymous_2)","decl":{"start":{"line":13,"column":41},"end":{"line":13,"column":44}},"loc":{"start":{"line":13,"column":46},"end":{"line":21,"column":3}}}},"branchMap":{"0":{"loc":{"start":{"line":16,"column":4},"end":{"line":20,"column":5}},"type":"if","locations":[{"start":{"line":16,"column":4},"end":{"line":20,"column":5}}]},"1":{"loc":{"start":{"line":16,"column":8},"end":{"line":16,"column":63}},"type":"binary-expr","locations":[{"start":{"line":16,"column":8},"end":{"line":16,"column":22}},{"start":{"line":16,"column":26},"end":{"line":16,"column":63}}]}},"s":{"0":1,"1":1,"2":1,"3":1,"4":1,"5":2,"6":2,"7":2,"8":0,"9":2,"10":2,"11":2,"12":2,"13":1,"14":1,"15":1,"16":2,"17":1},"f":{"0":2,"1":0,"2":2},"b":{"0":[1],"1":[2,2]}}
,"C:\\Lavoro\\esercizi\\frontend-cinematic\\src\\pages\\AboutUsPage\\AboutUsPage.tsx": {"path":"C:\\Lavoro\\esercizi\\frontend-cinematic\\src\\pages\\AboutUsPage\\AboutUsPage.tsx","statementMap":{"0":{"start":{"line":1,"column":20},"end":{"line":3,"column":1}},"1":{"start":{"line":2,"column":2},"end":{"line":2,"column":32}},"2":{"start":{"line":5,"column":0},"end":{"line":5,"column":27}}},"fnMap":{"0":{"name":"(anonymous_0)","decl":{"start":{"line":1,"column":20},"end":{"line":1,"column":23}},"loc":{"start":{"line":1,"column":25},"end":{"line":3,"column":1}}}},"branchMap":{},"s":{"0":0,"1":0,"2":0},"f":{"0":0},"b":{}}
,"C:\\Lavoro\\esercizi\\frontend-cinematic\\src\\pages\\HomePage\\HomePage.tsx": {"path":"C:\\Lavoro\\esercizi\\frontend-cinematic\\src\\pages\\HomePage\\HomePage.tsx","statementMap":{"0":{"start":{"line":1,"column":0},"end":{"line":1,"column":73}},"1":{"start":{"line":2,"column":0},"end":{"line":2,"column":63}},"2":{"start":{"line":4,"column":17},"end":{"line":13,"column":null}},"3":{"start":{"line":5,"column":2},"end":{"line":12,"column":null}},"4":{"start":{"line":15,"column":0},"end":{"line":15,"column":24}}},"fnMap":{"0":{"name":"(anonymous_1)","decl":{"start":{"line":4,"column":17},"end":{"line":4,"column":20}},"loc":{"start":{"line":5,"column":2},"end":{"line":12,"column":null}}}},"branchMap":{},"s":{"0":0,"1":0,"2":0,"3":0,"4":0},"f":{"0":0},"b":{}}
,"C:\\Lavoro\\esercizi\\frontend-cinematic\\src\\pages\\NotFoundPage\\NotFoundPage.tsx": {"path":"C:\\Lavoro\\esercizi\\frontend-cinematic\\src\\pages\\NotFoundPage\\NotFoundPage.tsx","statementMap":{"0":{"start":{"line":1,"column":21},"end":{"line":7,"column":null}},"1":{"start":{"line":2,"column":2},"end":{"line":6,"column":null}},"2":{"start":{"line":9,"column":0},"end":{"line":9,"column":28}}},"fnMap":{"0":{"name":"(anonymous_0)","decl":{"start":{"line":1,"column":21},"end":{"line":1,"column":24}},"loc":{"start":{"line":2,"column":2},"end":{"line":6,"column":null}}}},"branchMap":{},"s":{"0":0,"1":0,"2":0},"f":{"0":0},"b":{}}
,"C:\\Lavoro\\esercizi\\frontend-cinematic\\src\\pages\\PrivateActors\\PrivateActors.tsx": {"path":"C:\\Lavoro\\esercizi\\frontend-cinematic\\src\\pages\\PrivateActors\\PrivateActors.tsx","statementMap":{"0":{"start":{"line":1,"column":22},"end":{"line":3,"column":1}},"1":{"start":{"line":2,"column":2},"end":{"line":2,"column":34}},"2":{"start":{"line":5,"column":0},"end":{"line":5,"column":29}}},"fnMap":{"0":{"name":"(anonymous_0)","decl":{"start":{"line":1,"column":22},"end":{"line":1,"column":25}},"loc":{"start":{"line":1,"column":27},"end":{"line":3,"column":1}}}},"branchMap":{},"s":{"0":0,"1":0,"2":0},"f":{"0":0},"b":{}}
,"C:\\Lavoro\\esercizi\\frontend-cinematic\\src\\pages\\PrivateFilmsPage\\PrivateFilmsPage.tsx": {"path":"C:\\Lavoro\\esercizi\\frontend-cinematic\\src\\pages\\PrivateFilmsPage\\PrivateFilmsPage.tsx","statementMap":{"0":{"start":{"line":1,"column":0},"end":{"line":1,"column":46}},"1":{"start":{"line":2,"column":0},"end":{"line":2,"column":49}},"2":{"start":{"line":3,"column":0},"end":{"line":3,"column":40}},"3":{"start":{"line":4,"column":0},"end":{"line":4,"column":49}},"4":{"start":{"line":5,"column":0},"end":{"line":5,"column":67}},"5":{"start":{"line":7,"column":0},"end":{"line":7,"column":63}},"6":{"start":{"line":8,"column":0},"end":{"line":8,"column":53}},"7":{"start":{"line":9,"column":0},"end":{"line":9,"column":53}},"8":{"start":{"line":11,"column":25},"end":{"line":66,"column":1}},"9":{"start":{"line":12,"column":44},"end":{"line":12,"column":59}},"10":{"start":{"line":13,"column":42},"end":{"line":14,"column":null}},"11":{"start":{"line":16,"column":47},"end":{"line":16,"column":73}},"12":{"start":{"line":18,"column":35},"end":{"line":23,"column":null}},"13":{"start":{"line":20,"column":6},"end":{"line":20,"column":64}},"14":{"start":{"line":21,"column":6},"end":{"line":21,"column":39}},"15":{"start":{"line":26,"column":2},"end":{"line":65,"column":4}},"16":{"start":{"line":31,"column":42},"end":{"line":31,"column":68}},"17":{"start":{"line":38,"column":37},"end":{"line":38,"column":63}},"18":{"start":{"line":52,"column":16},"end":{"line":53,"column":null}},"19":{"start":{"line":56,"column":20},"end":{"line":56,"column":50}},"20":{"start":{"line":68,"column":0},"end":{"line":68,"column":32}}},"fnMap":{"0":{"name":"(anonymous_1)","decl":{"start":{"line":11,"column":25},"end":{"line":11,"column":28}},"loc":{"start":{"line":11,"column":30},"end":{"line":66,"column":1}}},"1":{"name":"(anonymous_2)","decl":{"start":{"line":19,"column":4},"end":{"line":19,"column":5}},"loc":{"start":{"line":19,"column":21},"end":{"line":22,"column":5}}},"2":{"name":"(anonymous_3)","decl":{"start":{"line":31,"column":36},"end":{"line":31,"column":39}},"loc":{"start":{"line":31,"column":42},"end":{"line":31,"column":68}}},"3":{"name":"(anonymous_4)","decl":{"start":{"line":38,"column":31},"end":{"line":38,"column":34}},"loc":{"start":{"line":38,"column":37},"end":{"line":38,"column":63}}},"4":{"name":"(anonymous_5)","decl":{"start":{"line":51,"column":25},"end":{"line":51,"column":26}},"loc":{"start":{"line":52,"column":16},"end":{"line":53,"column":null}}},"5":{"name":"(anonymous_6)","decl":{"start":{"line":55,"column":44},"end":{"line":55,"column":47}},"loc":{"start":{"line":56,"column":20},"end":{"line":56,"column":50}}}},"branchMap":{"0":{"loc":{"start":{"line":20,"column":6},"end":{"line":20,"column":63}},"type":"cond-expr","locations":[{"start":{"line":20,"column":13},"end":{"line":20,"column":34}},{"start":{"line":20,"column":37},"end":{"line":20,"column":63}}]},"1":{"loc":{"start":{"line":29,"column":7},"end":{"line":62,"column":null}},"type":"cond-expr","locations":[{"start":{"line":30,"column":8},"end":{"line":32,"column":null}},{"start":{"line":35,"column":8},"end":{"line":61,"column":null}}]},"2":{"loc":{"start":{"line":46,"column":13},"end":{"line":59,"column":null}},"type":"cond-expr","locations":[{"start":{"line":47,"column":14},"end":{"line":47,"column":58}},{"start":{"line":48,"column":16},"end":{"line":59,"column":null}}]},"3":{"loc":{"start":{"line":48,"column":16},"end":{"line":59,"column":null}},"type":"cond-expr","locations":[{"start":{"line":49,"column":14},"end":{"line":49,"column":28}},{"start":{"line":51,"column":14},"end":{"line":59,"column":16}}]}},"s":{"0":1,"1":1,"2":1,"3":1,"4":1,"5":1,"6":1,"7":1,"8":1,"9":2,"10":2,"11":2,"12":2,"13":0,"14":0,"15":2,"16":0,"17":0,"18":0,"19":0,"20":1},"f":{"0":2,"1":0,"2":0,"3":0,"4":0,"5":0},"b":{"0":[0,0],"1":[0,2],"2":[1,1],"3":[0,1]}}
,"C:\\Lavoro\\esercizi\\frontend-cinematic\\src\\pages\\PrivateFilmsPage\\__snapshots__\\PrivateFilmsPage.test.tsx.snap": {"path":"C:\\Lavoro\\esercizi\\frontend-cinematic\\src\\pages\\PrivateFilmsPage\\__snapshots__\\PrivateFilmsPage.test.tsx.snap","statementMap":{"0":{"start":{"line":3,"column":0},"end":{"line":130,"column":2}}},"fnMap":{},"branchMap":{},"s":{"0":0},"f":{},"b":{},"inputSourceMap":null}
,"C:\\Lavoro\\esercizi\\frontend-cinematic\\src\\pages\\PrivatePage\\PrivatePage.tsx": {"path":"C:\\Lavoro\\esercizi\\frontend-cinematic\\src\\pages\\PrivatePage\\PrivatePage.tsx","statementMap":{"0":{"start":{"line":1,"column":0},"end":{"line":1,"column":34}},"1":{"start":{"line":2,"column":0},"end":{"line":2,"column":42}},"2":{"start":{"line":3,"column":0},"end":{"line":3,"column":68}},"3":{"start":{"line":6,"column":20},"end":{"line":25,"column":1}},"4":{"start":{"line":7,"column":16},"end":{"line":8,"column":null}},"5":{"start":{"line":8,"column":46},"end":{"line":8,"column":61}},"6":{"start":{"line":10,"column":19},"end":{"line":10,"column":32}},"7":{"start":{"line":11,"column":2},"end":{"line":13,"column":14}},"8":{"start":{"line":12,"column":4},"end":{"line":12,"column":37}},"9":{"start":{"line":14,"column":19},"end":{"line":14,"column":32}},"10":{"start":{"line":15,"column":16},"end":{"line":15,"column":32}},"11":{"start":{"line":16,"column":2},"end":{"line":24,"column":3}},"12":{"start":{"line":17,"column":4},"end":{"line":21,"column":6}},"13":{"start":{"line":23,"column":4},"end":{"line":23,"column":29}},"14":{"start":{"line":27,"column":0},"end":{"line":27,"column":27}}},"fnMap":{"0":{"name":"(anonymous_0)","decl":{"start":{"line":6,"column":20},"end":{"line":6,"column":23}},"loc":{"start":{"line":6,"column":25},"end":{"line":25,"column":1}}},"1":{"name":"(anonymous_1)","decl":{"start":{"line":8,"column":4},"end":{"line":8,"column":5}},"loc":{"start":{"line":8,"column":46},"end":{"line":8,"column":61}}},"2":{"name":"(anonymous_2)","decl":{"start":{"line":11,"column":12},"end":{"line":11,"column":15}},"loc":{"start":{"line":11,"column":17},"end":{"line":13,"column":3}}}},"branchMap":{"0":{"loc":{"start":{"line":12,"column":4},"end":{"line":12,"column":36}},"type":"cond-expr","locations":[{"start":{"line":12,"column":18},"end":{"line":12,"column":20}},{"start":{"line":12,"column":23},"end":{"line":12,"column":36}}]},"1":{"loc":{"start":{"line":16,"column":2},"end":{"line":24,"column":3}},"type":"if","locations":[{"start":{"line":16,"column":2},"end":{"line":24,"column":3}},{"start":{"line":22,"column":9},"end":{"line":24,"column":3}}]}},"s":{"0":0,"1":0,"2":0,"3":0,"4":0,"5":0,"6":0,"7":0,"8":0,"9":0,"10":0,"11":0,"12":0,"13":0,"14":0},"f":{"0":0,"1":0,"2":0},"b":{"0":[0,0],"1":[0,0]}}
,"C:\\Lavoro\\esercizi\\frontend-cinematic\\src\\routes\\routes.tsx": {"path":"C:\\Lavoro\\esercizi\\frontend-cinematic\\src\\routes\\routes.tsx","statementMap":{"0":{"start":{"line":1,"column":0},"end":{"line":1,"column":55}},"1":{"start":{"line":2,"column":0},"end":{"line":2,"column":25}},"2":{"start":{"line":3,"column":0},"end":{"line":3,"column":41}},"3":{"start":{"line":4,"column":0},"end":{"line":4,"column":47}},"4":{"start":{"line":5,"column":0},"end":{"line":5,"column":62}},"5":{"start":{"line":6,"column":0},"end":{"line":6,"column":59}},"6":{"start":{"line":7,"column":0},"end":{"line":7,"column":74}},"7":{"start":{"line":8,"column":0},"end":{"line":8,"column":51}},"8":{"start":{"line":9,"column":0},"end":{"line":9,"column":61}},"9":{"start":{"line":10,"column":0},"end":{"line":10,"column":62}},"10":{"start":{"line":11,"column":0},"end":{"line":11,"column":47}},"11":{"start":{"line":13,"column":13},"end":{"line":55,"column":3}}},"fnMap":{},"branchMap":{},"s":{"0":0,"1":0,"2":0,"3":0,"4":0,"5":0,"6":0,"7":0,"8":0,"9":0,"10":0,"11":0},"f":{},"b":{}}
,"C:\\Lavoro\\esercizi\\frontend-cinematic\\src\\services\\utils.ts": {"path":"C:\\Lavoro\\esercizi\\frontend-cinematic\\src\\services\\utils.ts","statementMap":{"0":{"start":{"line":1,"column":13},"end":{"line":1,"column":40}}},"fnMap":{},"branchMap":{},"s":{"0":10},"f":{},"b":{}}
,"C:\\Lavoro\\esercizi\\frontend-cinematic\\src\\services\\auth\\login\\api.ts": {"path":"C:\\Lavoro\\esercizi\\frontend-cinematic\\src\\services\\auth\\login\\api.ts","statementMap":{"0":{"start":{"line":1,"column":0},"end":{"line":1,"column":73}},"1":{"start":{"line":2,"column":0},"end":{"line":2,"column":39}},"2":{"start":{"line":3,"column":0},"end":{"line":3,"column":46}},"3":{"start":{"line":5,"column":13},"end":{"line":14,"column":3}},"4":{"start":{"line":8,"column":20},"end":{"line":8,"column":22}},"5":{"start":{"line":10,"column":27},"end":{"line":13,"column":4}},"6":{"start":{"line":16,"column":15},"end":{"line":16,"column":66}}},"fnMap":{"0":{"name":"(anonymous_0)","decl":{"start":{"line":8,"column":13},"end":{"line":8,"column":16}},"loc":{"start":{"line":8,"column":20},"end":{"line":8,"column":22}}},"1":{"name":"(anonymous_1)","decl":{"start":{"line":10,"column":13},"end":{"line":10,"column":14}},"loc":{"start":{"line":10,"column":27},"end":{"line":13,"column":4}}}},"branchMap":{},"s":{"0":7,"1":7,"2":7,"3":7,"4":7,"5":7,"6":7},"f":{"0":7,"1":7},"b":{}}
,"C:\\Lavoro\\esercizi\\frontend-cinematic\\src\\services\\auth\\login\\endpoints.ts": {"path":"C:\\Lavoro\\esercizi\\frontend-cinematic\\src\\services\\auth\\login\\endpoints.ts","statementMap":{"0":{"start":{"line":9,"column":0},"end":{"line":9,"column":52}},"1":{"start":{"line":10,"column":0},"end":{"line":10,"column":54}},"2":{"start":{"line":28,"column":14},"end":{"line":35,"column":4}},"3":{"start":{"line":29,"column":2},"end":{"line":35,"column":4}},"4":{"start":{"line":30,"column":22},"end":{"line":34,"column":6}},"5":{"start":{"line":46,"column":9},"end":{"line":46,"column":14}},"6":{"start":{"line":37,"column":17},"end":{"line":44,"column":4}},"7":{"start":{"line":38,"column":2},"end":{"line":44,"column":4}},"8":{"start":{"line":39,"column":22},"end":{"line":43,"column":6}},"9":{"start":{"line":46,"column":16},"end":{"line":46,"column":24}}},"fnMap":{"0":{"name":"(anonymous_0)","decl":{"start":{"line":28,"column":14},"end":{"line":28,"column":15}},"loc":{"start":{"line":29,"column":2},"end":{"line":35,"column":4}}},"1":{"name":"(anonymous_1)","decl":{"start":{"line":30,"column":11},"end":{"line":30,"column":12}},"loc":{"start":{"line":30,"column":22},"end":{"line":34,"column":6}}},"2":{"name":"(anonymous_2)","decl":{"start":{"line":37,"column":17},"end":{"line":37,"column":18}},"loc":{"start":{"line":38,"column":2},"end":{"line":44,"column":4}}},"3":{"name":"(anonymous_3)","decl":{"start":{"line":39,"column":11},"end":{"line":39,"column":12}},"loc":{"start":{"line":39,"column":22},"end":{"line":43,"column":6}}}},"branchMap":{},"s":{"0":7,"1":7,"2":7,"3":7,"4":0,"5":7,"6":7,"7":7,"8":0,"9":7},"f":{"0":7,"1":0,"2":7,"3":0},"b":{}}
,"C:\\Lavoro\\esercizi\\frontend-cinematic\\src\\services\\cinema\\api.ts": {"path":"C:\\Lavoro\\esercizi\\frontend-cinematic\\src\\services\\cinema\\api.ts","statementMap":{"0":{"start":{"line":1,"column":0},"end":{"line":1,"column":73}},"1":{"start":{"line":2,"column":0},"end":{"line":2,"column":48}},"2":{"start":{"line":3,"column":0},"end":{"line":3,"column":36}},"3":{"start":{"line":5,"column":13},"end":{"line":13,"column":3}},"4":{"start":{"line":8,"column":20},"end":{"line":8,"column":22}},"5":{"start":{"line":10,"column":27},"end":{"line":12,"column":4}},"6":{"start":{"line":15,"column":15},"end":{"line":15,"column":55}}},"fnMap":{"0":{"name":"(anonymous_0)","decl":{"start":{"line":8,"column":13},"end":{"line":8,"column":16}},"loc":{"start":{"line":8,"column":20},"end":{"line":8,"column":22}}},"1":{"name":"(anonymous_1)","decl":{"start":{"line":10,"column":13},"end":{"line":10,"column":14}},"loc":{"start":{"line":10,"column":27},"end":{"line":12,"column":4}}}},"branchMap":{},"s":{"0":0,"1":0,"2":0,"3":0,"4":0,"5":0,"6":0},"f":{"0":0,"1":0},"b":{}}
,"C:\\Lavoro\\esercizi\\frontend-cinematic\\src\\services\\cinema\\endpoints.ts": {"path":"C:\\Lavoro\\esercizi\\frontend-cinematic\\src\\services\\cinema\\endpoints.ts","statementMap":{"0":{"start":{"line":7,"column":26},"end":{"line":10,"column":6}},"1":{"start":{"line":8,"column":4},"end":{"line":10,"column":6}},"2":{"start":{"line":9,"column":21},"end":{"line":9,"column":29}},"3":{"start":{"line":12,"column":8},"end":{"line":12,"column":25}}},"fnMap":{"0":{"name":"(anonymous_0)","decl":{"start":{"line":7,"column":26},"end":{"line":7,"column":27}},"loc":{"start":{"line":8,"column":4},"end":{"line":10,"column":6}}},"1":{"name":"(anonymous_1)","decl":{"start":{"line":9,"column":15},"end":{"line":9,"column":18}},"loc":{"start":{"line":9,"column":21},"end":{"line":9,"column":29}}}},"branchMap":{},"s":{"0":0,"1":0,"2":0,"3":0},"f":{"0":0,"1":0},"b":{}}
,"C:\\Lavoro\\esercizi\\frontend-cinematic\\src\\services\\film\\api.ts": {"path":"C:\\Lavoro\\esercizi\\frontend-cinematic\\src\\services\\film\\api.ts","statementMap":{"0":{"start":{"line":1,"column":0},"end":{"line":1,"column":73}},"1":{"start":{"line":2,"column":0},"end":{"line":2,"column":36}},"2":{"start":{"line":3,"column":0},"end":{"line":3,"column":null}},"3":{"start":{"line":12,"column":13},"end":{"line":35,"column":3}},"4":{"start":{"line":18,"column":41},"end":{"line":18,"column":75}},"5":{"start":{"line":19,"column":6},"end":{"line":19,"column":29}},"6":{"start":{"line":21,"column":6},"end":{"line":23,"column":13}},"7":{"start":{"line":24,"column":6},"end":{"line":24,"column":21}},"8":{"start":{"line":27,"column":20},"end":{"line":27,"column":22}},"9":{"start":{"line":29,"column":27},"end":{"line":34,"column":4}},"10":{"start":{"line":38,"column":2},"end":{"line":42,"column":12}}},"fnMap":{"0":{"name":"(anonymous_0)","decl":{"start":{"line":17,"column":20},"end":{"line":17,"column":21}},"loc":{"start":{"line":17,"column":46},"end":{"line":25,"column":5}}},"1":{"name":"(anonymous_1)","decl":{"start":{"line":27,"column":13},"end":{"line":27,"column":16}},"loc":{"start":{"line":27,"column":20},"end":{"line":27,"column":22}}},"2":{"name":"(anonymous_2)","decl":{"start":{"line":29,"column":13},"end":{"line":29,"column":14}},"loc":{"start":{"line":29,"column":27},"end":{"line":34,"column":4}}}},"branchMap":{"0":{"loc":{"start":{"line":21,"column":6},"end":{"line":23,"column":12}},"type":"cond-expr","locations":[{"start":{"line":22,"column":10},"end":{"line":22,"column":67}},{"start":{"line":23,"column":10},"end":{"line":23,"column":12}}]}},"s":{"0":5,"1":5,"2":5,"3":5,"4":0,"5":0,"6":0,"7":0,"8":5,"9":5,"10":5},"f":{"0":0,"1":5,"2":5},"b":{"0":[0,0]}}
,"C:\\Lavoro\\esercizi\\frontend-cinematic\\src\\services\\film\\endpoints.ts": {"path":"C:\\Lavoro\\esercizi\\frontend-cinematic\\src\\services\\film\\endpoints.ts","statementMap":{"0":{"start":{"line":8,"column":0},"end":{"line":8,"column":51}},"1":{"start":{"line":9,"column":0},"end":{"line":9,"column":49}},"2":{"start":{"line":24,"column":25},"end":{"line":28,"column":4}},"3":{"start":{"line":25,"column":2},"end":{"line":28,"column":4}},"4":{"start":{"line":26,"column":17},"end":{"line":26,"column":29}},"5":{"start":{"line":55,"column":9},"end":{"line":55,"column":25}},"6":{"start":{"line":29,"column":20},"end":{"line":37,"column":4}},"7":{"start":{"line":30,"column":2},"end":{"line":37,"column":4}},"8":{"start":{"line":31,"column":22},"end":{"line":35,"column":6}},"9":{"start":{"line":55,"column":27},"end":{"line":55,"column":38}},"10":{"start":{"line":38,"column":23},"end":{"line":46,"column":4}},"11":{"start":{"line":39,"column":2},"end":{"line":46,"column":4}},"12":{"start":{"line":40,"column":30},"end":{"line":44,"column":6}},"13":{"start":{"line":55,"column":40},"end":{"line":55,"column":54}},"14":{"start":{"line":47,"column":23},"end":{"line":54,"column":4}},"15":{"start":{"line":48,"column":2},"end":{"line":54,"column":4}},"16":{"start":{"line":49,"column":20},"end":{"line":52,"column":6}},"17":{"start":{"line":55,"column":56},"end":{"line":55,"column":70}}},"fnMap":{"0":{"name":"(anonymous_0)","decl":{"start":{"line":24,"column":25},"end":{"line":24,"column":26}},"loc":{"start":{"line":25,"column":2},"end":{"line":28,"column":4}}},"1":{"name":"(anonymous_1)","decl":{"start":{"line":26,"column":11},"end":{"line":26,"column":14}},"loc":{"start":{"line":26,"column":17},"end":{"line":26,"column":29}}},"2":{"name":"(anonymous_2)","decl":{"start":{"line":29,"column":20},"end":{"line":29,"column":21}},"loc":{"start":{"line":30,"column":2},"end":{"line":37,"column":4}}},"3":{"name":"(anonymous_3)","decl":{"start":{"line":31,"column":11},"end":{"line":31,"column":12}},"loc":{"start":{"line":31,"column":22},"end":{"line":35,"column":6}}},"4":{"name":"(anonymous_4)","decl":{"start":{"line":38,"column":23},"end":{"line":38,"column":24}},"loc":{"start":{"line":39,"column":2},"end":{"line":46,"column":4}}},"5":{"name":"(anonymous_5)","decl":{"start":{"line":40,"column":11},"end":{"line":40,"column":12}},"loc":{"start":{"line":40,"column":30},"end":{"line":44,"column":6}}},"6":{"name":"(anonymous_6)","decl":{"start":{"line":47,"column":23},"end":{"line":47,"column":24}},"loc":{"start":{"line":48,"column":2},"end":{"line":54,"column":4}}},"7":{"name":"(anonymous_7)","decl":{"start":{"line":49,"column":11},"end":{"line":49,"column":12}},"loc":{"start":{"line":49,"column":20},"end":{"line":52,"column":6}}}},"branchMap":{},"s":{"0":5,"1":5,"2":5,"3":5,"4":0,"5":5,"6":5,"7":5,"8":0,"9":5,"10":5,"11":5,"12":0,"13":5,"14":5,"15":5,"16":0,"17":5},"f":{"0":5,"1":0,"2":5,"3":0,"4":5,"5":0,"6":5,"7":0},"b":{}}
,"C:\\Lavoro\\esercizi\\frontend-cinematic\\src\\services\\genre\\api.ts": {"path":"C:\\Lavoro\\esercizi\\frontend-cinematic\\src\\services\\genre\\api.ts","statementMap":{"0":{"start":{"line":1,"column":0},"end":{"line":1,"column":73}},"1":{"start":{"line":2,"column":0},"end":{"line":2,"column":36}},"2":{"start":{"line":4,"column":0},"end":{"line":4,"column":62}},"3":{"start":{"line":7,"column":13},"end":{"line":27,"column":3}},"4":{"start":{"line":13,"column":41},"end":{"line":13,"column":75}},"5":{"start":{"line":15,"column":6},"end":{"line":17,"column":13}},"6":{"start":{"line":18,"column":6},"end":{"line":18,"column":21}},"7":{"start":{"line":21,"column":20},"end":{"line":21,"column":22}},"8":{"start":{"line":23,"column":27},"end":{"line":26,"column":4}},"9":{"start":{"line":29,"column":15},"end":{"line":29,"column":80}}},"fnMap":{"0":{"name":"(anonymous_0)","decl":{"start":{"line":12,"column":20},"end":{"line":12,"column":21}},"loc":{"start":{"line":12,"column":46},"end":{"line":19,"column":5}}},"1":{"name":"(anonymous_1)","decl":{"start":{"line":21,"column":13},"end":{"line":21,"column":16}},"loc":{"start":{"line":21,"column":20},"end":{"line":21,"column":22}}},"2":{"name":"(anonymous_2)","decl":{"start":{"line":23,"column":13},"end":{"line":23,"column":14}},"loc":{"start":{"line":23,"column":27},"end":{"line":26,"column":4}}}},"branchMap":{"0":{"loc":{"start":{"line":15,"column":6},"end":{"line":17,"column":12}},"type":"cond-expr","locations":[{"start":{"line":16,"column":10},"end":{"line":16,"column":67}},{"start":{"line":17,"column":10},"end":{"line":17,"column":12}}]}},"s":{"0":4,"1":4,"2":4,"3":4,"4":0,"5":0,"6":0,"7":4,"8":4,"9":4},"f":{"0":0,"1":4,"2":4},"b":{"0":[0,0]}}
,"C:\\Lavoro\\esercizi\\frontend-cinematic\\src\\services\\genre\\endpoints.ts": {"path":"C:\\Lavoro\\esercizi\\frontend-cinematic\\src\\services\\genre\\endpoints.ts","statementMap":{"0":{"start":{"line":9,"column":0},"end":{"line":9,"column":49}},"1":{"start":{"line":10,"column":0},"end":{"line":10,"column":51}},"2":{"start":{"line":24,"column":26},"end":{"line":28,"column":4}},"3":{"start":{"line":25,"column":2},"end":{"line":28,"column":4}},"4":{"start":{"line":26,"column":17},"end":{"line":26,"column":30}},"5":{"start":{"line":44,"column":9},"end":{"line":44,"column":26}},"6":{"start":{"line":30,"column":21},"end":{"line":42,"column":4}},"7":{"start":{"line":31,"column":2},"end":{"line":42,"column":4}},"8":{"start":{"line":32,"column":22},"end":{"line":39,"column":6}},"9":{"start":{"line":44,"column":28},"end":{"line":44,"column":40}}},"fnMap":{"0":{"name":"(anonymous_0)","decl":{"start":{"line":24,"column":26},"end":{"line":24,"column":27}},"loc":{"start":{"line":25,"column":2},"end":{"line":28,"column":4}}},"1":{"name":"(anonymous_1)","decl":{"start":{"line":26,"column":11},"end":{"line":26,"column":14}},"loc":{"start":{"line":26,"column":17},"end":{"line":26,"column":30}}},"2":{"name":"(anonymous_2)","decl":{"start":{"line":30,"column":21},"end":{"line":30,"column":22}},"loc":{"start":{"line":31,"column":2},"end":{"line":42,"column":4}}},"3":{"name":"(anonymous_3)","decl":{"start":{"line":32,"column":11},"end":{"line":32,"column":12}},"loc":{"start":{"line":32,"column":22},"end":{"line":39,"column":6}}}},"branchMap":{},"s":{"0":4,"1":4,"2":4,"3":4,"4":0,"5":4,"6":4,"7":4,"8":0,"9":4},"f":{"0":4,"1":0,"2":4,"3":0},"b":{}}
,"C:\\Lavoro\\esercizi\\frontend-cinematic\\src\\slices\\auth\\authTokenSlice.ts": {"path":"C:\\Lavoro\\esercizi\\frontend-cinematic\\src\\slices\\auth\\authTokenSlice.ts","statementMap":{"0":{"start":{"line":1,"column":0},"end":{"line":1,"column":62}},"1":{"start":{"line":7,"column":37},"end":{"line":10,"column":2}},"2":{"start":{"line":11,"column":23},"end":{"line":28,"column":2}},"3":{"start":{"line":16,"column":29},"end":{"line":16,"column":66}},"4":{"start":{"line":17,"column":25},"end":{"line":17,"column":65}},"5":{"start":{"line":19,"column":6},"end":{"line":22,"column":8}},"6":{"start":{"line":25,"column":6},"end":{"line":25,"column":26}},"7":{"start":{"line":29,"column":13},"end":{"line":29,"column":52}},"8":{"start":{"line":30,"column":0},"end":{"line":30,"column":30}}},"fnMap":{"0":{"name":"(anonymous_0)","decl":{"start":{"line":15,"column":22},"end":{"line":15,"column":23}},"loc":{"start":{"line":15,"column":59},"end":{"line":23,"column":5}}},"1":{"name":"(anonymous_1)","decl":{"start":{"line":24,"column":20},"end":{"line":24,"column":23}},"loc":{"start":{"line":24,"column":25},"end":{"line":26,"column":5}}}},"branchMap":{},"s":{"0":9,"1":9,"2":9,"3":0,"4":0,"5":0,"6":0,"7":9,"8":9},"f":{"0":0,"1":0},"b":{}}
,"C:\\Lavoro\\esercizi\\frontend-cinematic\\src\\slices\\auth\\formModalSlice.ts": {"path":"C:\\Lavoro\\esercizi\\frontend-cinematic\\src\\slices\\auth\\formModalSlice.ts","statementMap":{"0":{"start":{"line":1,"column":0},"end":{"line":1,"column":47}},"1":{"start":{"line":5,"column":30},"end":{"line":5,"column":35}},"2":{"start":{"line":7,"column":23},"end":{"line":15,"column":2}},"3":{"start":{"line":12,"column":6},"end":{"line":12,"column":20}},"4":{"start":{"line":17,"column":15},"end":{"line":17,"column":58}},"5":{"start":{"line":18,"column":0},"end":{"line":18,"column":30}}},"fnMap":{"0":{"name":"(anonymous_0)","decl":{"start":{"line":11,"column":21},"end":{"line":11,"column":22}},"loc":{"start":{"line":11,"column":31},"end":{"line":13,"column":5}}}},"branchMap":{},"s":{"0":8,"1":8,"2":8,"3":0,"4":8,"5":8},"f":{"0":0},"b":{}}
,"C:\\Lavoro\\esercizi\\frontend-cinematic\\src\\store\\store.ts": {"path":"C:\\Lavoro\\esercizi\\frontend-cinematic\\src\\store\\store.ts","statementMap":{"0":{"start":{"line":1,"column":0},"end":{"line":1,"column":67}},"1":{"start":{"line":2,"column":0},"end":{"line":2,"column":51}},"2":{"start":{"line":3,"column":0},"end":{"line":3,"column":56}},"3":{"start":{"line":4,"column":0},"end":{"line":4,"column":47}},"4":{"start":{"line":5,"column":0},"end":{"line":5,"column":59}},"5":{"start":{"line":6,"column":0},"end":{"line":6,"column":54}},"6":{"start":{"line":7,"column":0},"end":{"line":7,"column":79}},"7":{"start":{"line":8,"column":0},"end":{"line":8,"column":null}},"8":{"start":{"line":19,"column":0},"end":{"line":19,"column":48}},"9":{"start":{"line":20,"column":0},"end":{"line":20,"column":63}},"10":{"start":{"line":21,"column":0},"end":{"line":21,"column":50}},"11":{"start":{"line":27,"column":68},"end":{"line":33,"column":2}},"12":{"start":{"line":35,"column":25},"end":{"line":35,"column":78}},"13":{"start":{"line":37,"column":13},"end":{"line":44,"column":2}},"14":{"start":{"line":46,"column":13},"end":{"line":59,"column":3}},"15":{"start":{"line":49,"column":4},"end":{"line":57,"column":null}},"16":{"start":{"line":63,"column":11},"end":{"line":63,"column":44}},"17":{"start":{"line":65,"column":0},"end":{"line":65,"column":31}}},"fnMap":{"0":{"name":"(anonymous_1)","decl":{"start":{"line":48,"column":14},"end":{"line":48,"column":15}},"loc":{"start":{"line":49,"column":4},"end":{"line":57,"column":null}}}},"branchMap":{},"s":{"0":0,"1":0,"2":0,"3":0,"4":0,"5":0,"6":0,"7":0,"8":0,"9":0,"10":0,"11":0,"12":0,"13":0,"14":0,"15":0,"16":0,"17":0},"f":{"0":0},"b":{}}
,"C:\\Lavoro\\esercizi\\frontend-cinematic\\src\\utils\\setAtomicComponentStyle.ts": {"path":"C:\\Lavoro\\esercizi\\frontend-cinematic\\src\\utils\\setAtomicComponentStyle.ts","statementMap":{"0":{"start":{"line":9,"column":64},"end":{"line":14,"column":1}},"1":{"start":{"line":13,"column":2},"end":{"line":13,"column":50}},"2":{"start":{"line":13,"column":27},"end":{"line":13,"column":38}},"3":{"start":{"line":9,"column":13},"end":{"line":9,"column":64}}},"fnMap":{"0":{"name":"(anonymous_0)","decl":{"start":{"line":9,"column":64},"end":{"line":9,"column":null}},"loc":{"start":{"line":12,"column":4},"end":{"line":14,"column":1}}},"1":{"name":"(anonymous_1)","decl":{"start":{"line":13,"column":18},"end":{"line":13,"column":19}},"loc":{"start":{"line":13,"column":27},"end":{"line":13,"column":38}}}},"branchMap":{},"s":{"0":13,"1":137,"2":145,"3":13},"f":{"0":137,"1":145},"b":{}}
}
