TN:
SF:src\App.tsx
FN:16,App
FN:18,(anonymous_2)
FN:22,(anonymous_3)
FNF:3
FNH:0
FNDA:0,App
FNDA:0,(anonymous_2)
FNDA:0,(anonymous_3)
DA:1,0
DA:2,0
DA:3,0
DA:4,0
DA:5,0
DA:6,0
DA:8,0
DA:11,0
DA:17,0
DA:18,0
DA:20,0
DA:22,0
DA:23,0
DA:26,0
DA:41,0
LF:15
LH:0
BRDA:28,0,0,0
BRDA:28,0,1,0
BRDA:31,1,0,0
BRDA:31,1,1,0
BRF:4
BRH:0
end_of_record
TN:
SF:src\main.tsx
FNF:0
FNH:0
DA:1,0
DA:2,0
DA:3,0
DA:4,0
DA:5,0
DA:6,0
DA:7,0
DA:9,0
DA:12,0
LF:9
LH:0
BRF:0
BRH:0
end_of_record
TN:
SF:src\vite-env.d.ts
FNF:0
FNH:0
LF:0
LH:0
BRF:0
BRH:0
end_of_record
TN:
SF:src\Layouts\MainLayout.tsx\MainLayout.tsx
FN:4,(anonymous_1)
FNF:1
FNH:0
FNDA:0,(anonymous_1)
DA:2,0
DA:4,0
DA:5,0
DA:13,0
LF:4
LH:0
BRF:0
BRH:0
end_of_record
TN:
SF:src\Layouts\PrivateMainLayout\PrivateMainLayout.tsx
FN:4,(anonymous_1)
FNF:1
FNH:0
FNDA:0,(anonymous_1)
DA:2,0
DA:4,0
DA:5,0
DA:17,0
LF:4
LH:0
BRF:0
BRH:0
end_of_record
TN:
SF:src\components\FilmForm\FilmForm.tsx
FN:23,(anonymous_7)
FN:61,(anonymous_8)
FN:68,(anonymous_9)
FN:72,(anonymous_10)
FN:78,(anonymous_11)
FN:82,(anonymous_12)
FN:85,(anonymous_13)
FN:102,(anonymous_14)
FNF:8
FNH:3
FNDA:10,(anonymous_7)
FNDA:2,(anonymous_8)
FNDA:0,(anonymous_9)
FNDA:0,(anonymous_10)
FNDA:0,(anonymous_11)
FNDA:0,(anonymous_12)
FNDA:0,(anonymous_13)
FNDA:48,(anonymous_14)
DA:1,6
DA:2,6
DA:3,6
DA:7,6
DA:8,6
DA:10,6
DA:11,6
DA:12,6
DA:13,6
DA:14,6
DA:15,6
DA:16,6
DA:23,6
DA:35,10
DA:37,10
DA:39,10
DA:40,10
DA:46,10
DA:61,10
DA:62,2
DA:63,2
DA:65,2
DA:66,1
DA:69,0
DA:70,0
DA:72,0
DA:74,0
DA:76,1
DA:79,0
DA:80,0
DA:82,0
DA:83,0
DA:85,10
DA:86,0
DA:89,10
DA:90,1
DA:92,9
DA:93,1
DA:95,8
DA:103,48
DA:134,6
LF:41
LH:32
BRDA:35,0,0,10
BRDA:35,0,1,7
BRDA:65,1,0,1
BRDA:89,2,0,1
BRDA:89,3,0,10
BRDA:89,3,1,9
BRDA:92,4,0,1
BRDA:92,5,0,9
BRDA:92,5,1,8
BRDA:99,6,0,3
BRDA:99,6,1,5
BRDA:105,7,0,48
BRDA:105,7,1,40
BRDA:119,8,0,3
BRDA:119,8,1,5
BRF:15
BRH:15
end_of_record
TN:
SF:src\components\FilmForm\schema.ts
FNF:0
FNH:0
DA:1,6
DA:4,6
DA:20,6
LF:3
LH:3
BRF:0
BRH:0
end_of_record
TN:
SF:src\components\FilmsCarousel\FilmsCarousel.tsx
FN:4,(anonymous_1)
FN:19,(anonymous_2)
FNF:2
FNH:2
FNDA:3,(anonymous_1)
FNDA:1,(anonymous_2)
DA:1,7
DA:2,7
DA:4,7
DA:10,3
DA:11,3
DA:12,1
DA:13,2
DA:14,1
DA:16,1
DA:20,1
DA:27,7
LF:11
LH:11
BRDA:11,0,0,1
BRDA:11,0,1,2
BRDA:13,1,0,1
BRDA:13,1,1,1
BRDA:13,2,0,2
BRDA:13,2,1,1
BRF:6
BRH:6
end_of_record
TN:
SF:src\components\FormInputs\FormInput.tsx
FN:33,(anonymous_1)
FNF:1
FNH:1
FNDA:90,(anonymous_1)
DA:2,9
DA:4,9
DA:6,9
DA:33,9
DA:43,90
DA:63,9
LF:6
LH:6
BRDA:45,0,0,90
BRDA:45,0,1,0
BRDA:56,1,0,90
BRDA:56,1,1,88
BRDA:59,2,0,90
BRDA:59,2,1,11
BRF:6
BRH:5
end_of_record
TN:
SF:src\components\GenreInput\GenreInput.tsx
FN:9,(anonymous_1)
FN:13,(anonymous_2)
FN:14,(anonymous_3)
FN:18,(anonymous_4)
FN:22,(anonymous_5)
FN:23,(anonymous_6)
FN:36,(anonymous_7)
FNF:7
FNH:6
FNDA:10,(anonymous_1)
FNDA:3,(anonymous_2)
FNDA:3,(anonymous_3)
FNDA:2,(anonymous_4)
FNDA:0,(anonymous_5)
FNDA:2,(anonymous_6)
FNDA:3,(anonymous_7)
DA:1,2
DA:3,2
DA:4,2
DA:5,2
DA:6,2
DA:7,2
DA:9,2
DA:10,10
DA:11,9
DA:13,8
DA:14,3
DA:17,8
DA:19,2
DA:20,2
DA:22,0
DA:23,2
DA:27,8
DA:29,8
DA:30,0
DA:34,8
DA:36,3
DA:47,2
LF:22
LH:20
BRDA:27,0,0,0
BRDA:29,1,0,0
BRF:2
BRH:0
end_of_record
TN:
SF:src\components\GenreInputText\GenreInputText.tsx
FN:7,(anonymous_0)
FN:16,(anonymous_1)
FNF:2
FNH:2
FNDA:9,(anonymous_0)
FNDA:4,(anonymous_1)
DA:7,3
DA:8,9
DA:16,4
DA:22,3
LF:4
LH:4
BRF:0
BRH:0
end_of_record
TN:
SF:src\components\GenreSelector\GenreSelector.tsx
FN:12,(anonymous_1)
FN:16,(anonymous_2)
FN:20,(anonymous_3)
FN:37,(anonymous_4)
FN:44,(anonymous_5)
FNF:5
FNH:5
FNDA:6,(anonymous_1)
FNDA:2,(anonymous_2)
FNDA:1,(anonymous_3)
FNDA:12,(anonymous_4)
FNDA:2,(anonymous_5)
DA:1,6
DA:2,6
DA:4,6
DA:12,6
DA:13,6
DA:14,6
DA:16,6
DA:17,2
DA:20,1
DA:23,2
DA:24,2
DA:27,6
DA:28,1
DA:31,5
DA:32,1
DA:34,4
DA:38,12
DA:45,2
DA:57,6
LF:19
LH:19
BRDA:17,0,0,1
BRDA:17,0,1,1
BRDA:20,1,0,1
BRDA:20,1,1,0
BRDA:27,2,0,1
BRDA:31,3,0,1
BRDA:31,4,0,5
BRDA:31,4,1,4
BRF:8
BRH:7
end_of_record
TN:
SF:src\components\Header\Header.tsx
FN:11,(anonymous_1)
FN:38,(anonymous_2)
FNF:2
FNH:2
FNDA:2,(anonymous_1)
FNDA:1,(anonymous_2)
DA:1,6
DA:2,6
DA:3,6
DA:4,6
DA:5,6
DA:6,6
DA:7,6
DA:8,6
DA:9,6
DA:11,6
DA:12,2
DA:13,2
DA:38,1
DA:47,6
LF:14
LH:14
BRF:0
BRH:0
end_of_record
TN:
SF:src\components\LoginForm\LoginForm.tsx
FN:15,(anonymous_1)
FN:29,(anonymous_2)
FN:32,(anonymous_3)
FN:37,(anonymous_4)
FN:49,(anonymous_5)
FNF:5
FNH:5
FNDA:9,(anonymous_1)
FNDA:2,(anonymous_2)
FNDA:1,(anonymous_3)
FNDA:1,(anonymous_4)
FNDA:16,(anonymous_5)
DA:1,7
DA:2,7
DA:3,7
DA:4,7
DA:5,7
DA:6,7
DA:7,7
DA:8,7
DA:9,7
DA:10,7
DA:11,7
DA:12,7
DA:13,7
DA:15,7
DA:16,9
DA:17,9
DA:18,9
DA:23,9
DA:29,9
DA:30,2
DA:33,1
DA:34,1
DA:35,1
DA:38,1
DA:42,9
DA:43,1
DA:46,8
DA:50,16
DA:73,7
LF:29
LH:29
BRDA:42,0,0,1
BRDA:61,1,0,8
BRDA:61,1,1,1
BRF:3
BRH:3
end_of_record
TN:
SF:src\components\LoginForm\schema.ts
FNF:0
FNH:0
DA:1,7
DA:4,7
DA:11,7
LF:3
LH:3
BRF:0
BRH:0
end_of_record
TN:
SF:src\components\LoginFormModal\LoginFormModal.tsx
FN:10,(anonymous_1)
FN:14,(anonymous_2)
FN:15,(anonymous_3)
FN:24,(anonymous_4)
FNF:4
FNH:4
FNDA:5,(anonymous_1)
FNDA:2,(anonymous_2)
FNDA:2,(anonymous_3)
FNDA:1,(anonymous_4)
DA:1,7
DA:2,7
DA:3,7
DA:4,7
DA:5,7
DA:6,7
DA:7,7
DA:8,7
DA:10,7
DA:11,5
DA:12,5
DA:14,5
DA:15,2
DA:18,5
DA:24,1
DA:58,7
LF:16
LH:16
BRDA:30,0,0,4
BRDA:30,0,1,1
BRDA:37,1,0,4
BRDA:37,1,1,1
BRDA:42,2,0,4
BRDA:42,2,1,1
BRDA:49,3,0,1
BRDA:49,3,1,4
BRDA:53,4,0,4
BRDA:53,4,1,1
BRF:10
BRH:10
end_of_record
TN:
SF:src\components\MainLoader\MainLoader.tsx
FN:3,(anonymous_1)
FNF:1
FNH:1
FNDA:6,(anonymous_1)
DA:1,11
DA:3,11
DA:5,11
LF:3
LH:3
BRF:0
BRH:0
end_of_record
TN:
SF:src\components\PrimaryButton\PrimaryButton.tsx
FN:27,(anonymous_1)
FNF:1
FNH:1
FNDA:42,(anonymous_1)
DA:1,8
DA:3,8
DA:5,8
DA:27,8
DA:35,42
DA:48,8
LF:6
LH:6
BRDA:32,0,0,33
BRDA:33,1,0,35
BRDA:42,2,0,42
BRDA:42,2,1,30
BRDA:43,3,0,42
BRDA:43,3,1,7
BRF:6
BRH:6
end_of_record
TN:
SF:src\components\PrimaryLink\PrimaryLink.tsx
FN:21,(anonymous_0)
FNF:1
FNH:1
FNDA:7,(anonymous_0)
DA:1,8
DA:3,8
DA:4,8
DA:6,8
DA:21,8
DA:22,7
DA:31,8
LF:7
LH:7
BRF:0
BRH:0
end_of_record
TN:
SF:src\components\PrivateFilmCard\PrivateFilmCard.tsx
FN:12,(anonymous_0)
FN:44,(anonymous_1)
FN:50,(anonymous_2)
FNF:3
FNH:3
FNDA:3,(anonymous_0)
FNDA:1,(anonymous_1)
FNDA:1,(anonymous_2)
DA:1,2
DA:2,2
DA:4,2
DA:5,2
DA:12,2
DA:16,3
DA:25,3
DA:26,3
DA:28,3
DA:44,1
DA:50,1
DA:62,2
LF:12
LH:12
BRF:0
BRH:0
end_of_record
TN:
SF:src\components\PublicFilmCard\PublicFilmCard.tsx
FN:8,(anonymous_0)
FNF:1
FNH:1
FNDA:1,(anonymous_0)
DA:2,1
DA:8,1
DA:9,1
DA:26,1
LF:4
LH:4
BRF:0
BRH:0
end_of_record
TN:
SF:src\components\PublicFilmCard\PublicFilmCardStyle.ts
FNF:0
FNH:0
DA:1,10
DA:3,10
LF:2
LH:2
BRF:0
BRH:0
end_of_record
TN:
SF:src\components\PublicFilmCards\PublicFilmCards.tsx
FN:5,(anonymous_1)
FN:15,(anonymous_2)
FNF:2
FNH:2
FNDA:3,(anonymous_1)
FNDA:1,(anonymous_2)
DA:1,1
DA:2,1
DA:3,1
DA:5,1
DA:6,3
DA:7,3
DA:8,1
DA:10,2
DA:11,1
DA:13,1
DA:16,1
DA:24,1
LF:12
LH:12
BRDA:7,0,0,1
BRDA:10,1,0,1
BRF:2
BRH:2
end_of_record
TN:
SF:src\components\SidePrivateNavMenu\SidePrivateNavMenu.tsx
FN:4,(anonymous_1)
FN:9,(anonymous_2)
FN:10,(anonymous_3)
FNF:3
FNH:3
FNDA:1,(anonymous_1)
FNDA:6,(anonymous_2)
FNDA:3,(anonymous_3)
DA:1,7
DA:2,7
DA:4,7
DA:5,1
DA:9,6
DA:11,3
DA:22,7
LF:7
LH:7
BRF:0
BRH:0
end_of_record
TN:
SF:src\components\SignInForm\SignInForm.tsx
FN:16,(anonymous_1)
FN:32,(anonymous_2)
FN:40,(anonymous_3)
FN:55,(anonymous_4)
FNF:4
FNH:4
FNDA:7,(anonymous_1)
FNDA:1,(anonymous_2)
FNDA:1,(anonymous_3)
FNDA:24,(anonymous_4)
DA:1,7
DA:2,7
DA:3,7
DA:4,7
DA:5,7
DA:6,7
DA:7,7
DA:8,7
DA:10,7
DA:11,7
DA:12,7
DA:13,7
DA:14,7
DA:16,7
DA:17,7
DA:18,7
DA:19,7
DA:25,7
DA:32,7
DA:33,1
DA:38,1
DA:41,1
DA:42,1
DA:43,1
DA:44,1
DA:48,7
DA:56,24
DA:80,7
LF:28
LH:28
BRDA:50,0,0,1
BRDA:50,0,1,6
BRDA:67,1,0,1
BRDA:67,1,1,5
BRF:4
BRH:4
end_of_record
TN:
SF:src\components\SignInForm\schema.ts
FN:13,(anonymous_0)
FNF:1
FNH:1
FNDA:3,(anonymous_0)
DA:1,7
DA:4,7
DA:14,3
DA:15,0
DA:25,7
LF:5
LH:4
BRDA:14,0,0,0
BRF:1
BRH:0
end_of_record
TN:
SF:src\enums\HttpMethodsEnum.ts
FN:1,(anonymous_0)
FNF:1
FNH:1
FNDA:11,(anonymous_0)
DA:1,11
DA:2,11
DA:3,11
DA:4,11
DA:5,11
DA:6,11
LF:6
LH:6
BRDA:1,0,0,11
BRDA:1,0,1,11
BRF:2
BRH:2
end_of_record
TN:
SF:src\enums\PathsEnum.ts
FN:1,(anonymous_0)
FNF:1
FNH:1
FNDA:10,(anonymous_0)
DA:1,10
DA:2,10
DA:3,10
DA:4,10
DA:5,10
DA:6,10
DA:7,10
LF:7
LH:7
BRDA:1,0,0,10
BRDA:1,0,1,10
BRF:2
BRH:2
end_of_record
TN:
SF:src\enums\routesEnums.ts
FN:1,(anonymous_0)
FNF:1
FNH:1
FNDA:11,(anonymous_0)
DA:1,11
DA:2,11
DA:3,11
DA:4,11
DA:5,11
LF:5
LH:5
BRDA:1,0,0,11
BRDA:1,0,1,11
BRF:2
BRH:2
end_of_record
TN:
SF:src\hooks\useVerifyTokenExpired.ts
FN:6,(anonymous_0)
FN:10,(anonymous_1)
FN:13,(anonymous_2)
FNF:3
FNH:2
FNDA:2,(anonymous_0)
FNDA:0,(anonymous_1)
FNDA:2,(anonymous_2)
DA:1,1
DA:2,1
DA:3,1
DA:4,1
DA:6,1
DA:7,2
DA:8,2
DA:9,2
DA:10,0
DA:13,2
DA:14,2
DA:15,2
DA:16,2
DA:17,1
DA:18,1
DA:19,1
DA:23,2
DA:28,1
LF:18
LH:17
BRDA:16,0,0,1
BRDA:16,1,0,2
BRDA:16,1,1,2
BRF:3
BRH:3
end_of_record
TN:
SF:src\pages\AboutUsPage\AboutUsPage.tsx
FN:1,(anonymous_0)
FNF:1
FNH:0
FNDA:0,(anonymous_0)
DA:1,0
DA:2,0
DA:5,0
LF:3
LH:0
BRF:0
BRH:0
end_of_record
TN:
SF:src\pages\HomePage\HomePage.tsx
FN:4,(anonymous_1)
FNF:1
FNH:0
FNDA:0,(anonymous_1)
DA:1,0
DA:2,0
DA:4,0
DA:5,0
DA:15,0
LF:5
LH:0
BRF:0
BRH:0
end_of_record
TN:
SF:src\pages\NotFoundPage\NotFoundPage.tsx
FN:1,(anonymous_0)
FNF:1
FNH:0
FNDA:0,(anonymous_0)
DA:1,0
DA:2,0
DA:9,0
LF:3
LH:0
BRF:0
BRH:0
end_of_record
TN:
SF:src\pages\PrivateActors\PrivateActors.tsx
FN:1,(anonymous_0)
FNF:1
FNH:0
FNDA:0,(anonymous_0)
DA:1,0
DA:2,0
DA:5,0
LF:3
LH:0
BRF:0
BRH:0
end_of_record
TN:
SF:src\pages\PrivateFilmsPage\PrivateFilmsPage.tsx
FN:11,(anonymous_1)
FN:19,(anonymous_2)
FN:31,(anonymous_3)
FN:38,(anonymous_4)
FN:51,(anonymous_5)
FN:55,(anonymous_6)
FNF:6
FNH:1
FNDA:2,(anonymous_1)
FNDA:0,(anonymous_2)
FNDA:0,(anonymous_3)
FNDA:0,(anonymous_4)
FNDA:0,(anonymous_5)
FNDA:0,(anonymous_6)
DA:1,1
DA:2,1
DA:3,1
DA:4,1
DA:5,1
DA:7,1
DA:8,1
DA:9,1
DA:11,1
DA:12,2
DA:13,2
DA:16,2
DA:18,2
DA:20,0
DA:21,0
DA:26,2
DA:31,0
DA:38,0
DA:52,0
DA:56,0
DA:68,1
LF:21
LH:15
BRDA:20,0,0,0
BRDA:20,0,1,0
BRDA:29,1,0,0
BRDA:29,1,1,2
BRDA:46,2,0,1
BRDA:46,2,1,1
BRDA:48,3,0,0
BRDA:48,3,1,1
BRF:8
BRH:4
end_of_record
TN:
SF:src\pages\PrivateFilmsPage\__snapshots__\PrivateFilmsPage.test.tsx.snap
FNF:0
FNH:0
DA:3,0
LF:1
LH:0
BRF:0
BRH:0
end_of_record
TN:
SF:src\pages\PrivatePage\PrivatePage.tsx
FN:6,(anonymous_0)
FN:8,(anonymous_1)
FN:11,(anonymous_2)
FNF:3
FNH:0
FNDA:0,(anonymous_0)
FNDA:0,(anonymous_1)
FNDA:0,(anonymous_2)
DA:1,0
DA:2,0
DA:3,0
DA:6,0
DA:7,0
DA:8,0
DA:10,0
DA:11,0
DA:12,0
DA:14,0
DA:15,0
DA:16,0
DA:17,0
DA:23,0
DA:27,0
LF:15
LH:0
BRDA:12,0,0,0
BRDA:12,0,1,0
BRDA:16,1,0,0
BRDA:16,1,1,0
BRF:4
BRH:0
end_of_record
TN:
SF:src\routes\routes.tsx
FNF:0
FNH:0
DA:1,0
DA:2,0
DA:3,0
DA:4,0
DA:5,0
DA:6,0
DA:7,0
DA:8,0
DA:9,0
DA:10,0
DA:11,0
DA:13,0
LF:12
LH:0
BRF:0
BRH:0
end_of_record
TN:
SF:src\services\utils.ts
FNF:0
FNH:0
DA:1,11
LF:1
LH:1
BRF:0
BRH:0
end_of_record
TN:
SF:src\services\auth\login\api.ts
FN:8,(anonymous_0)
FN:10,(anonymous_1)
FNF:2
FNH:2
FNDA:7,(anonymous_0)
FNDA:7,(anonymous_1)
DA:1,7
DA:2,7
DA:3,7
DA:5,7
DA:8,7
DA:10,7
DA:16,7
LF:7
LH:7
BRF:0
BRH:0
end_of_record
TN:
SF:src\services\auth\login\endpoints.ts
FN:28,(anonymous_0)
FN:30,(anonymous_1)
FN:37,(anonymous_2)
FN:39,(anonymous_3)
FNF:4
FNH:2
FNDA:7,(anonymous_0)
FNDA:0,(anonymous_1)
FNDA:7,(anonymous_2)
FNDA:0,(anonymous_3)
DA:9,7
DA:10,7
DA:28,7
DA:29,7
DA:30,0
DA:37,7
DA:38,7
DA:39,0
DA:46,7
LF:9
LH:7
BRF:0
BRH:0
end_of_record
TN:
SF:src\services\cinema\api.ts
FN:8,(anonymous_0)
FN:10,(anonymous_1)
FNF:2
FNH:0
FNDA:0,(anonymous_0)
FNDA:0,(anonymous_1)
DA:1,0
DA:2,0
DA:3,0
DA:5,0
DA:8,0
DA:10,0
DA:15,0
LF:7
LH:0
BRF:0
BRH:0
end_of_record
TN:
SF:src\services\cinema\endpoints.ts
FN:7,(anonymous_0)
FN:9,(anonymous_1)
FNF:2
FNH:0
FNDA:0,(anonymous_0)
FNDA:0,(anonymous_1)
DA:7,0
DA:8,0
DA:9,0
DA:12,0
LF:4
LH:0
BRF:0
BRH:0
end_of_record
TN:
SF:src\services\film\api.ts
FN:17,(anonymous_0)
FN:27,(anonymous_1)
FN:29,(anonymous_2)
FNF:3
FNH:2
FNDA:0,(anonymous_0)
FNDA:5,(anonymous_1)
FNDA:5,(anonymous_2)
DA:1,5
DA:2,5
DA:3,5
DA:12,5
DA:18,0
DA:19,0
DA:21,0
DA:24,0
DA:27,5
DA:29,5
DA:38,5
LF:11
LH:7
BRDA:21,0,0,0
BRDA:21,0,1,0
BRF:2
BRH:0
end_of_record
TN:
SF:src\services\film\endpoints.ts
FN:24,(anonymous_0)
FN:26,(anonymous_1)
FN:29,(anonymous_2)
FN:31,(anonymous_3)
FN:38,(anonymous_4)
FN:40,(anonymous_5)
FN:47,(anonymous_6)
FN:49,(anonymous_7)
FNF:8
FNH:4
FNDA:5,(anonymous_0)
FNDA:0,(anonymous_1)
FNDA:5,(anonymous_2)
FNDA:0,(anonymous_3)
FNDA:5,(anonymous_4)
FNDA:0,(anonymous_5)
FNDA:5,(anonymous_6)
FNDA:0,(anonymous_7)
DA:8,5
DA:9,5
DA:24,5
DA:25,5
DA:26,0
DA:29,5
DA:30,5
DA:31,0
DA:38,5
DA:39,5
DA:40,0
DA:47,5
DA:48,5
DA:49,0
DA:55,5
LF:15
LH:11
BRF:0
BRH:0
end_of_record
TN:
SF:src\services\genre\api.ts
FN:12,(anonymous_0)
FN:21,(anonymous_1)
FN:23,(anonymous_2)
FNF:3
FNH:2
FNDA:0,(anonymous_0)
FNDA:5,(anonymous_1)
FNDA:5,(anonymous_2)
DA:1,5
DA:2,5
DA:4,5
DA:7,5
DA:13,0
DA:15,0
DA:18,0
DA:21,5
DA:23,5
DA:29,5
LF:10
LH:7
BRDA:15,0,0,0
BRDA:15,0,1,0
BRF:2
BRH:0
end_of_record
TN:
SF:src\services\genre\endpoints.ts
FN:24,(anonymous_0)
FN:26,(anonymous_1)
FN:30,(anonymous_2)
FN:32,(anonymous_3)
FNF:4
FNH:2
FNDA:5,(anonymous_0)
FNDA:0,(anonymous_1)
FNDA:5,(anonymous_2)
FNDA:0,(anonymous_3)
DA:9,5
DA:10,5
DA:24,5
DA:25,5
DA:26,0
DA:30,5
DA:31,5
DA:32,0
DA:44,5
LF:9
LH:7
BRF:0
BRH:0
end_of_record
TN:
SF:src\slices\auth\authTokenSlice.ts
FN:15,(anonymous_0)
FN:24,(anonymous_1)
FNF:2
FNH:0
FNDA:0,(anonymous_0)
FNDA:0,(anonymous_1)
DA:1,9
DA:7,9
DA:11,9
DA:16,0
DA:17,0
DA:19,0
DA:25,0
DA:29,9
DA:30,9
LF:9
LH:5
BRF:0
BRH:0
end_of_record
TN:
SF:src\slices\auth\formModalSlice.ts
FN:11,(anonymous_0)
FNF:1
FNH:0
FNDA:0,(anonymous_0)
DA:1,8
DA:5,8
DA:7,8
DA:12,0
DA:17,8
DA:18,8
LF:6
LH:5
BRF:0
BRH:0
end_of_record
TN:
SF:src\store\store.ts
FN:48,(anonymous_1)
FNF:1
FNH:0
FNDA:0,(anonymous_1)
DA:1,0
DA:2,0
DA:3,0
DA:4,0
DA:5,0
DA:6,0
DA:7,0
DA:8,0
DA:19,0
DA:20,0
DA:21,0
DA:27,0
DA:35,0
DA:37,0
DA:46,0
DA:49,0
DA:63,0
DA:65,0
LF:18
LH:0
BRF:0
BRH:0
end_of_record
TN:
SF:src\utils\setAtomicComponentStyle.ts
FN:9,(anonymous_0)
FN:13,(anonymous_1)
FNF:2
FNH:2
FNDA:139,(anonymous_0)
FNDA:147,(anonymous_1)
DA:9,13
DA:13,147
LF:2
LH:2
BRF:0
BRH:0
end_of_record
